[ 2025-09-01 02:52:19,132 ] 182 root - INFO - 开始数据摄取流程
[ 2025-09-01 02:52:19,132 ] 185 root - INFO - 从PostgreSQL数据库读取数据
[ 2025-09-01 02:52:19,132 ] 45 root - INFO - 开始从PostgreSQL读取数据: 数据库=ns, 表=NetworkData
[ 2025-09-01 02:52:19,243 ] 59 root - INFO - 使用SQLAlchemy成功读取数据: 11055 行, 33 列
[ 2025-09-01 02:52:19,248 ] 88 root - INFO - 移除了数据库ID列
[ 2025-09-01 02:52:19,249 ] 92 root - INFO - 移除了创建时间列
[ 2025-09-01 02:52:19,249 ] 97 root - INFO - 数据读取完成，最终数据形状: (11055, 31)
[ 2025-09-01 02:52:19,249 ] 98 root - INFO - 列名: ['having_IP_Address', 'URL_Length', 'Shortining_Service', 'having_At_Symbol', 'double_slash_redirecting', 'Prefix_Suffix', 'having_Sub_Domain', 'SSLfinal_State', 'Domain_registeration_length', 'Favicon', 'port', 'HTTPS_token', 'Request_URL', 'URL_of_Anchor', 'Links_in_tags', 'SFH', 'Submitting_to_email', 'Abnormal_URL', 'Redirect', 'on_mouseover', 'RightClick', 'popUpWidnow', 'Iframe', 'age_of_domain', 'DNSRecord', 'web_traffic', 'Page_Rank', 'Google_Index', 'Links_pointing_to_page', 'Statistical_report', 'Result']
[ 2025-09-01 02:52:19,249 ] 189 root - INFO - 读取数据概览:
[ 2025-09-01 02:52:19,249 ] 190 root - INFO -   - 数据形状: (11055, 31)
[ 2025-09-01 02:52:19,249 ] 191 root - INFO -   - 缺失值数量: 0
[ 2025-09-01 02:52:19,250 ] 194 root - INFO -   - 目标变量分布: {1: 6157, -1: 4898}
[ 2025-09-01 02:52:19,250 ] 197 root - INFO - 导出数据到特征存储
[ 2025-09-01 02:52:19,277 ] 124 root - INFO - 数据成功导出到特征存储: Artifacts\09_01_2025_02_52_15\data_ingestion\feature_store\phisingData.csv
[ 2025-09-01 02:52:19,277 ] 125 root - INFO - 导出数据形状: (11055, 31)
[ 2025-09-01 02:52:19,277 ] 201 root - INFO - 分割数据为训练集和测试集
[ 2025-09-01 02:52:19,280 ] 146 root - INFO - Performed train test split on the dataframe
[ 2025-09-01 02:52:19,280 ] 147 root - INFO - 训练集大小: 8844, 测试集大小: 2211
[ 2025-09-01 02:52:19,280 ] 149 root - INFO - Exited split_data_as_train_test method of Data_Ingestion class
[ 2025-09-01 02:52:19,280 ] 157 root - INFO - Exporting train and test file path.
[ 2025-09-01 02:52:19,305 ] 169 root - INFO - Exported train and test file path.
[ 2025-09-01 02:52:19,305 ] 170 root - INFO - 训练文件: Artifacts\09_01_2025_02_52_15\data_ingestion\ingested\train.csv
[ 2025-09-01 02:52:19,305 ] 171 root - INFO - 测试文件: Artifacts\09_01_2025_02_52_15\data_ingestion\ingested\test.csv
[ 2025-09-01 02:52:19,305 ] 210 root - INFO - 数据摄取流程完成
[ 2025-09-01 02:52:19,305 ] 211 root - INFO - 训练文件: Artifacts\09_01_2025_02_52_15\data_ingestion\ingested\train.csv
[ 2025-09-01 02:52:19,305 ] 212 root - INFO - 测试文件: Artifacts\09_01_2025_02_52_15\data_ingestion\ingested\test.csv
[ 2025-09-01 02:52:19,309 ] 182 root - INFO - 开始数据验证流程
[ 2025-09-01 02:52:19,309 ] 183 root - INFO - 训练文件: Artifacts\09_01_2025_02_52_15\data_ingestion\ingested\train.csv
[ 2025-09-01 02:52:19,309 ] 184 root - INFO - 测试文件: Artifacts\09_01_2025_02_52_15\data_ingestion\ingested\test.csv
[ 2025-09-01 02:52:19,335 ] 190 root - INFO - 训练数据形状: (8844, 31)
[ 2025-09-01 02:52:19,335 ] 191 root - INFO - 测试数据形状: (2211, 31)
[ 2025-09-01 02:52:19,335 ] 44 root - INFO - Required number of columns: 31
[ 2025-09-01 02:52:19,335 ] 45 root - INFO - Data frame has columns: 31
[ 2025-09-01 02:52:19,335 ] 46 root - INFO - Data frame columns: ['having_IP_Address', 'URL_Length', 'Shortining_Service', 'having_At_Symbol', 'double_slash_redirecting', 'Prefix_Suffix', 'having_Sub_Domain', 'SSLfinal_State', 'Domain_registeration_length', 'Favicon', 'port', 'HTTPS_token', 'Request_URL', 'URL_of_Anchor', 'Links_in_tags', 'SFH', 'Submitting_to_email', 'Abnormal_URL', 'Redirect', 'on_mouseover', 'RightClick', 'popUpWidnow', 'Iframe', 'age_of_domain', 'DNSRecord', 'web_traffic', 'Page_Rank', 'Google_Index', 'Links_pointing_to_page', 'Statistical_report', 'Result']
[ 2025-09-01 02:52:19,335 ] 44 root - INFO - Required number of columns: 31
[ 2025-09-01 02:52:19,335 ] 45 root - INFO - Data frame has columns: 31
[ 2025-09-01 02:52:19,335 ] 46 root - INFO - Data frame columns: ['having_IP_Address', 'URL_Length', 'Shortining_Service', 'having_At_Symbol', 'double_slash_redirecting', 'Prefix_Suffix', 'having_Sub_Domain', 'SSLfinal_State', 'Domain_registeration_length', 'Favicon', 'port', 'HTTPS_token', 'Request_URL', 'URL_of_Anchor', 'Links_in_tags', 'SFH', 'Submitting_to_email', 'Abnormal_URL', 'Redirect', 'on_mouseover', 'RightClick', 'popUpWidnow', 'Iframe', 'age_of_domain', 'DNSRecord', 'web_traffic', 'Page_Rank', 'Google_Index', 'Links_pointing_to_page', 'Statistical_report', 'Result']
[ 2025-09-01 02:52:19,335 ] 82 root - INFO - 所有数值列验证通过
[ 2025-09-01 02:52:19,336 ] 82 root - INFO - 所有数值列验证通过
[ 2025-09-01 02:52:19,336 ] 108 root - INFO - Target column validation passed. Values: [-1  1]
[ 2025-09-01 02:52:19,336 ] 108 root - INFO - Target column validation passed. Values: [-1  1]
[ 2025-09-01 02:52:19,336 ] 232 root - INFO - 开始检测数据漂移
[ 2025-09-01 02:52:19,338 ] 145 root - INFO - Column having_IP_Address: p_value=0.9903, drift=False
[ 2025-09-01 02:52:19,339 ] 145 root - INFO - Column URL_Length: p_value=1.0000, drift=False
[ 2025-09-01 02:52:19,340 ] 145 root - INFO - Column Shortining_Service: p_value=1.0000, drift=False
[ 2025-09-01 02:52:19,341 ] 145 root - INFO - Column having_At_Symbol: p_value=1.0000, drift=False
[ 2025-09-01 02:52:19,341 ] 145 root - INFO - Column double_slash_redirecting: p_value=1.0000, drift=False
[ 2025-09-01 02:52:19,342 ] 145 root - INFO - Column Prefix_Suffix: p_value=1.0000, drift=False
[ 2025-09-01 02:52:19,346 ] 145 root - INFO - Column having_Sub_Domain: p_value=0.2003, drift=False
[ 2025-09-01 02:52:19,347 ] 145 root - INFO - Column SSLfinal_State: p_value=0.9715, drift=False
[ 2025-09-01 02:52:19,348 ] 145 root - INFO - Column Domain_registeration_length: p_value=1.0000, drift=False
[ 2025-09-01 02:52:19,349 ] 145 root - INFO - Column Favicon: p_value=1.0000, drift=False
[ 2025-09-01 02:52:19,349 ] 145 root - INFO - Column port: p_value=1.0000, drift=False
[ 2025-09-01 02:52:19,350 ] 145 root - INFO - Column HTTPS_token: p_value=0.9988, drift=False
[ 2025-09-01 02:52:19,351 ] 145 root - INFO - Column Request_URL: p_value=1.0000, drift=False
[ 2025-09-01 02:52:19,354 ] 145 root - INFO - Column URL_of_Anchor: p_value=1.0000, drift=False
[ 2025-09-01 02:52:19,355 ] 145 root - INFO - Column Links_in_tags: p_value=1.0000, drift=False
[ 2025-09-01 02:52:19,357 ] 145 root - INFO - Column SFH: p_value=0.9786, drift=False
[ 2025-09-01 02:52:19,357 ] 145 root - INFO - Column Submitting_to_email: p_value=1.0000, drift=False
[ 2025-09-01 02:52:19,358 ] 145 root - INFO - Column Abnormal_URL: p_value=0.9994, drift=False
[ 2025-09-01 02:52:19,359 ] 145 root - INFO - Column Redirect: p_value=1.0000, drift=False
[ 2025-09-01 02:52:19,360 ] 145 root - INFO - Column on_mouseover: p_value=1.0000, drift=False
[ 2025-09-01 02:52:19,361 ] 145 root - INFO - Column RightClick: p_value=1.0000, drift=False
[ 2025-09-01 02:52:19,362 ] 145 root - INFO - Column popUpWidnow: p_value=1.0000, drift=False
[ 2025-09-01 02:52:19,363 ] 145 root - INFO - Column Iframe: p_value=1.0000, drift=False
[ 2025-09-01 02:52:19,365 ] 145 root - INFO - Column age_of_domain: p_value=0.6771, drift=False
[ 2025-09-01 02:52:19,366 ] 145 root - INFO - Column DNSRecord: p_value=1.0000, drift=False
[ 2025-09-01 02:52:19,367 ] 145 root - INFO - Column web_traffic: p_value=0.9965, drift=False
[ 2025-09-01 02:52:19,369 ] 145 root - INFO - Column Page_Rank: p_value=0.9983, drift=False
[ 2025-09-01 02:52:19,369 ] 145 root - INFO - Column Google_Index: p_value=1.0000, drift=False
[ 2025-09-01 02:52:19,371 ] 145 root - INFO - Column Links_pointing_to_page: p_value=0.9688, drift=False
[ 2025-09-01 02:52:19,372 ] 145 root - INFO - Column Statistical_report: p_value=1.0000, drift=False
[ 2025-09-01 02:52:19,372 ] 145 root - INFO - Column Result: p_value=1.0000, drift=False
[ 2025-09-01 02:52:19,376 ] 164 root - INFO - Drift report saved to: Artifacts\09_01_2025_02_52_15\data_validation\drift_report\report.yaml
[ 2025-09-01 02:52:19,376 ] 238 root - INFO - 未检测到显著数据漂移
[ 2025-09-01 02:52:19,400 ] 259 root - INFO - 数据验证通过，文件保存到valid目录
[ 2025-09-01 02:52:19,400 ] 291 root - INFO - 数据验证流程完成
[ 2025-09-01 02:52:19,400 ] 60 root - INFO - Entered initiate_data_transformation method of DataTransformation class
[ 2025-09-01 02:52:19,400 ] 62 root - INFO - Starting data transformation
[ 2025-09-01 02:52:19,422 ] 75 root - INFO - Training data shape: (8844, 31)
[ 2025-09-01 02:52:19,422 ] 76 root - INFO - Testing data shape: (2211, 31)
[ 2025-09-01 02:52:19,423 ] 83 root - INFO - Training features shape: (8844, 30)
[ 2025-09-01 02:52:19,423 ] 84 root - INFO - Training target distribution: {1: 4926, 0: 3918}
[ 2025-09-01 02:52:19,423 ] 91 root - INFO - Testing features shape: (2211, 30)
[ 2025-09-01 02:52:19,423 ] 92 root - INFO - Testing target distribution: {1: 1231, 0: 980}
[ 2025-09-01 02:52:19,423 ] 46 root - INFO - Entered get_data_transformer_object method of DataTransformation class
[ 2025-09-01 02:52:19,423 ] 51 root - INFO - Initialised KNNImputer with {'missing_values': nan, 'n_neighbors': 3, 'weights': 'uniform'}
[ 2025-09-01 02:52:19,423 ] 98 root - INFO - Fitting preprocessor on training data
[ 2025-09-01 02:52:19,424 ] 102 root - INFO - Transforming training data
[ 2025-09-01 02:52:19,425 ] 105 root - INFO - Transforming testing data
[ 2025-09-01 02:52:19,426 ] 108 root - INFO - Transformed training data shape: (8844, 30)
[ 2025-09-01 02:52:19,426 ] 109 root - INFO - Transformed testing data shape: (2211, 30)
[ 2025-09-01 02:52:19,426 ] 115 root - INFO - Final training array shape: (8844, 31)
[ 2025-09-01 02:52:19,426 ] 116 root - INFO - Final testing array shape: (2211, 31)
[ 2025-09-01 02:52:19,427 ] 124 root - INFO - Saving transformed data arrays
[ 2025-09-01 02:52:19,428 ] 135 root - INFO - Saving preprocessor object
[ 2025-09-01 02:52:19,428 ] 46 root - INFO - Entered the save_object method of MainUtils class
[ 2025-09-01 02:52:19,429 ] 50 root - INFO - Exited the save_object method of MainUtils class
[ 2025-09-01 02:52:19,429 ] 46 root - INFO - Entered the save_object method of MainUtils class
[ 2025-09-01 02:52:19,431 ] 50 root - INFO - Exited the save_object method of MainUtils class
[ 2025-09-01 02:52:19,431 ] 149 root - INFO - Data transformation completed successfully
[ 2025-09-01 02:52:19,431 ] 158 root - INFO - Data transformation artifact created:
[ 2025-09-01 02:52:19,431 ] 159 root - INFO -   - Preprocessor: Artifacts\09_01_2025_02_52_15\data_transformation\transformed_object\preprocessing.pkl
[ 2025-09-01 02:52:19,431 ] 160 root - INFO -   - Training data: Artifacts\09_01_2025_02_52_15\data_transformation\transformed\train.npy
[ 2025-09-01 02:52:19,431 ] 161 root - INFO -   - Testing data: Artifacts\09_01_2025_02_52_15\data_transformation\transformed\test.npy
[ 2025-09-01 02:52:19,438 ] 220 root - INFO - 开始模型训练流程
[ 2025-09-01 02:52:19,438 ] 225 root - INFO - 训练数据文件: Artifacts\09_01_2025_02_52_15\data_transformation\transformed\train.npy
[ 2025-09-01 02:52:19,438 ] 226 root - INFO - 测试数据文件: Artifacts\09_01_2025_02_52_15\data_transformation\transformed\test.npy
[ 2025-09-01 02:52:19,439 ] 238 root - INFO - 训练数组形状: (8844, 31)
[ 2025-09-01 02:52:19,439 ] 239 root - INFO - 测试数组形状: (2211, 31)
[ 2025-09-01 02:52:19,439 ] 245 root - INFO - 特征维度: 30
[ 2025-09-01 02:52:19,439 ] 246 root - INFO - 训练样本数: 8844
[ 2025-09-01 02:52:19,439 ] 247 root - INFO - 测试样本数: 2211
[ 2025-09-01 02:52:19,439 ] 83 root - INFO - 开始模型训练和评估
[ 2025-09-01 02:52:19,439 ] 117 root - INFO - 训练数据形状: (8844, 30)
[ 2025-09-01 02:52:19,439 ] 118 root - INFO - 测试数据形状: (2211, 30)
