[ 2025-09-02 00:27:05,064 ] 1025 httpx - INFO - HTTP Request: GET https://dagshub.com/api/v1/user "HTTP/1.1 200 OK"
[ 2025-09-02 00:27:05,069 ] 107 dagshub - INFO - Accessing as ISyaxinLiu
[ 2025-09-02 00:27:07,317 ] 1025 httpx - INFO - HTTP Request: GET https://dagshub.com/api/v1/repos/ISyaxinLiu/NetworkSecurity "HTTP/1.1 200 OK"
[ 2025-09-02 00:27:08,838 ] 1025 httpx - INFO - HTTP Request: GET https://dagshub.com/api/v1/user "HTTP/1.1 200 OK"
[ 2025-09-02 00:27:08,840 ] 107 dagshub - INFO - Initialized MLflow to track repo "ISyaxinLiu/NetworkSecurity"
[ 2025-09-02 00:27:08,840 ] 107 dagshub - INFO - Repository ISyaxinLiu/NetworkSecurity initialized!
[ 2025-09-02 00:27:08,842 ] 215 root - INFO - 开始运行训练管道
[ 2025-09-02 00:27:08,842 ] 37 root - INFO - Start data Ingestion
[ 2025-09-02 00:27:08,842 ] 182 root - INFO - 开始数据摄取流程
[ 2025-09-02 00:27:08,842 ] 185 root - INFO - 从PostgreSQL数据库读取数据
[ 2025-09-02 00:27:08,842 ] 45 root - INFO - 开始从PostgreSQL读取数据: 数据库=ns, 表=NetworkData
[ 2025-09-02 00:27:08,965 ] 59 root - INFO - 使用SQLAlchemy成功读取数据: 11055 行, 33 列
[ 2025-09-02 00:27:08,966 ] 88 root - INFO - 移除了数据库ID列
[ 2025-09-02 00:27:08,966 ] 92 root - INFO - 移除了创建时间列
[ 2025-09-02 00:27:08,966 ] 97 root - INFO - 数据读取完成，最终数据形状: (11055, 31)
[ 2025-09-02 00:27:08,966 ] 98 root - INFO - 列名: ['having_IP_Address', 'URL_Length', 'Shortining_Service', 'having_At_Symbol', 'double_slash_redirecting', 'Prefix_Suffix', 'having_Sub_Domain', 'SSLfinal_State', 'Domain_registeration_length', 'Favicon', 'port', 'HTTPS_token', 'Request_URL', 'URL_of_Anchor', 'Links_in_tags', 'SFH', 'Submitting_to_email', 'Abnormal_URL', 'Redirect', 'on_mouseover', 'RightClick', 'popUpWidnow', 'Iframe', 'age_of_domain', 'DNSRecord', 'web_traffic', 'Page_Rank', 'Google_Index', 'Links_pointing_to_page', 'Statistical_report', 'Result']
[ 2025-09-02 00:27:08,967 ] 189 root - INFO - 读取数据概览:
[ 2025-09-02 00:27:08,967 ] 190 root - INFO -   - 数据形状: (11055, 31)
[ 2025-09-02 00:27:08,967 ] 191 root - INFO -   - 缺失值数量: 0
[ 2025-09-02 00:27:08,967 ] 194 root - INFO -   - 目标变量分布: {1: 6157, -1: 4898}
[ 2025-09-02 00:27:08,967 ] 197 root - INFO - 导出数据到特征存储
[ 2025-09-02 00:27:08,997 ] 124 root - INFO - 数据成功导出到特征存储: Artifacts\09_02_2025_00_27_02\data_ingestion\feature_store\phisingData.csv
[ 2025-09-02 00:27:08,997 ] 125 root - INFO - 导出数据形状: (11055, 31)
[ 2025-09-02 00:27:08,997 ] 201 root - INFO - 分割数据为训练集和测试集
[ 2025-09-02 00:27:09,001 ] 146 root - INFO - Performed train test split on the dataframe
[ 2025-09-02 00:27:09,001 ] 147 root - INFO - 训练集大小: 8844, 测试集大小: 2211
[ 2025-09-02 00:27:09,001 ] 149 root - INFO - Exited split_data_as_train_test method of Data_Ingestion class
[ 2025-09-02 00:27:09,001 ] 157 root - INFO - Exporting train and test file path.
[ 2025-09-02 00:27:09,028 ] 169 root - INFO - Exported train and test file path.
[ 2025-09-02 00:27:09,028 ] 170 root - INFO - 训练文件: Artifacts\09_02_2025_00_27_02\data_ingestion\ingested\train.csv
[ 2025-09-02 00:27:09,028 ] 171 root - INFO - 测试文件: Artifacts\09_02_2025_00_27_02\data_ingestion\ingested\test.csv
[ 2025-09-02 00:27:09,028 ] 210 root - INFO - 数据摄取流程完成
[ 2025-09-02 00:27:09,028 ] 211 root - INFO - 训练文件: Artifacts\09_02_2025_00_27_02\data_ingestion\ingested\train.csv
[ 2025-09-02 00:27:09,028 ] 212 root - INFO - 测试文件: Artifacts\09_02_2025_00_27_02\data_ingestion\ingested\test.csv
[ 2025-09-02 00:27:09,028 ] 40 root - INFO - Data Ingestion completed and artifact: DataIngestionArtifact(trained_file_path='Artifacts\\09_02_2025_00_27_02\\data_ingestion\\ingested\\train.csv', test_file_path='Artifacts\\09_02_2025_00_27_02\\data_ingestion\\ingested\\test.csv')
[ 2025-09-02 00:27:09,032 ] 51 root - INFO - Initiate the data Validation
[ 2025-09-02 00:27:09,032 ] 182 root - INFO - 开始数据验证流程
[ 2025-09-02 00:27:09,032 ] 183 root - INFO - 训练文件: Artifacts\09_02_2025_00_27_02\data_ingestion\ingested\train.csv
[ 2025-09-02 00:27:09,032 ] 184 root - INFO - 测试文件: Artifacts\09_02_2025_00_27_02\data_ingestion\ingested\test.csv
[ 2025-09-02 00:27:09,058 ] 190 root - INFO - 训练数据形状: (8844, 31)
[ 2025-09-02 00:27:09,058 ] 191 root - INFO - 测试数据形状: (2211, 31)
[ 2025-09-02 00:27:09,058 ] 44 root - INFO - Required number of columns: 31
[ 2025-09-02 00:27:09,058 ] 45 root - INFO - Data frame has columns: 31
[ 2025-09-02 00:27:09,058 ] 46 root - INFO - Data frame columns: ['having_IP_Address', 'URL_Length', 'Shortining_Service', 'having_At_Symbol', 'double_slash_redirecting', 'Prefix_Suffix', 'having_Sub_Domain', 'SSLfinal_State', 'Domain_registeration_length', 'Favicon', 'port', 'HTTPS_token', 'Request_URL', 'URL_of_Anchor', 'Links_in_tags', 'SFH', 'Submitting_to_email', 'Abnormal_URL', 'Redirect', 'on_mouseover', 'RightClick', 'popUpWidnow', 'Iframe', 'age_of_domain', 'DNSRecord', 'web_traffic', 'Page_Rank', 'Google_Index', 'Links_pointing_to_page', 'Statistical_report', 'Result']
[ 2025-09-02 00:27:09,058 ] 44 root - INFO - Required number of columns: 31
[ 2025-09-02 00:27:09,058 ] 45 root - INFO - Data frame has columns: 31
[ 2025-09-02 00:27:09,058 ] 46 root - INFO - Data frame columns: ['having_IP_Address', 'URL_Length', 'Shortining_Service', 'having_At_Symbol', 'double_slash_redirecting', 'Prefix_Suffix', 'having_Sub_Domain', 'SSLfinal_State', 'Domain_registeration_length', 'Favicon', 'port', 'HTTPS_token', 'Request_URL', 'URL_of_Anchor', 'Links_in_tags', 'SFH', 'Submitting_to_email', 'Abnormal_URL', 'Redirect', 'on_mouseover', 'RightClick', 'popUpWidnow', 'Iframe', 'age_of_domain', 'DNSRecord', 'web_traffic', 'Page_Rank', 'Google_Index', 'Links_pointing_to_page', 'Statistical_report', 'Result']
[ 2025-09-02 00:27:09,059 ] 82 root - INFO - 所有数值列验证通过
[ 2025-09-02 00:27:09,059 ] 82 root - INFO - 所有数值列验证通过
[ 2025-09-02 00:27:09,059 ] 108 root - INFO - Target column validation passed. Values: [-1  1]
[ 2025-09-02 00:27:09,059 ] 108 root - INFO - Target column validation passed. Values: [-1  1]
[ 2025-09-02 00:27:09,059 ] 232 root - INFO - 开始检测数据漂移
[ 2025-09-02 00:27:09,061 ] 145 root - INFO - Column having_IP_Address: p_value=0.9903, drift=False
[ 2025-09-02 00:27:09,062 ] 145 root - INFO - Column URL_Length: p_value=1.0000, drift=False
[ 2025-09-02 00:27:09,063 ] 145 root - INFO - Column Shortining_Service: p_value=1.0000, drift=False
[ 2025-09-02 00:27:09,064 ] 145 root - INFO - Column having_At_Symbol: p_value=1.0000, drift=False
[ 2025-09-02 00:27:09,065 ] 145 root - INFO - Column double_slash_redirecting: p_value=1.0000, drift=False
[ 2025-09-02 00:27:09,066 ] 145 root - INFO - Column Prefix_Suffix: p_value=1.0000, drift=False
[ 2025-09-02 00:27:09,070 ] 145 root - INFO - Column having_Sub_Domain: p_value=0.2003, drift=False
[ 2025-09-02 00:27:09,072 ] 145 root - INFO - Column SSLfinal_State: p_value=0.9715, drift=False
[ 2025-09-02 00:27:09,073 ] 145 root - INFO - Column Domain_registeration_length: p_value=1.0000, drift=False
[ 2025-09-02 00:27:09,073 ] 145 root - INFO - Column Favicon: p_value=1.0000, drift=False
[ 2025-09-02 00:27:09,074 ] 145 root - INFO - Column port: p_value=1.0000, drift=False
[ 2025-09-02 00:27:09,075 ] 145 root - INFO - Column HTTPS_token: p_value=0.9988, drift=False
[ 2025-09-02 00:27:09,075 ] 145 root - INFO - Column Request_URL: p_value=1.0000, drift=False
[ 2025-09-02 00:27:09,077 ] 145 root - INFO - Column URL_of_Anchor: p_value=1.0000, drift=False
[ 2025-09-02 00:27:09,078 ] 145 root - INFO - Column Links_in_tags: p_value=1.0000, drift=False
[ 2025-09-02 00:27:09,079 ] 145 root - INFO - Column SFH: p_value=0.9786, drift=False
[ 2025-09-02 00:27:09,080 ] 145 root - INFO - Column Submitting_to_email: p_value=1.0000, drift=False
[ 2025-09-02 00:27:09,081 ] 145 root - INFO - Column Abnormal_URL: p_value=0.9994, drift=False
[ 2025-09-02 00:27:09,083 ] 145 root - INFO - Column Redirect: p_value=1.0000, drift=False
[ 2025-09-02 00:27:09,084 ] 145 root - INFO - Column on_mouseover: p_value=1.0000, drift=False
[ 2025-09-02 00:27:09,084 ] 145 root - INFO - Column RightClick: p_value=1.0000, drift=False
[ 2025-09-02 00:27:09,085 ] 145 root - INFO - Column popUpWidnow: p_value=1.0000, drift=False
[ 2025-09-02 00:27:09,086 ] 145 root - INFO - Column Iframe: p_value=1.0000, drift=False
[ 2025-09-02 00:27:09,088 ] 145 root - INFO - Column age_of_domain: p_value=0.6771, drift=False
[ 2025-09-02 00:27:09,088 ] 145 root - INFO - Column DNSRecord: p_value=1.0000, drift=False
[ 2025-09-02 00:27:09,090 ] 145 root - INFO - Column web_traffic: p_value=0.9965, drift=False
[ 2025-09-02 00:27:09,091 ] 145 root - INFO - Column Page_Rank: p_value=0.9983, drift=False
[ 2025-09-02 00:27:09,092 ] 145 root - INFO - Column Google_Index: p_value=1.0000, drift=False
[ 2025-09-02 00:27:09,094 ] 145 root - INFO - Column Links_pointing_to_page: p_value=0.9688, drift=False
[ 2025-09-02 00:27:09,095 ] 145 root - INFO - Column Statistical_report: p_value=1.0000, drift=False
[ 2025-09-02 00:27:09,095 ] 145 root - INFO - Column Result: p_value=1.0000, drift=False
[ 2025-09-02 00:27:09,100 ] 164 root - INFO - Drift report saved to: Artifacts\09_02_2025_00_27_02\data_validation\drift_report\report.yaml
[ 2025-09-02 00:27:09,100 ] 238 root - INFO - 未检测到显著数据漂移
[ 2025-09-02 00:27:09,125 ] 259 root - INFO - 数据验证通过，文件保存到valid目录
[ 2025-09-02 00:27:09,125 ] 291 root - INFO - 数据验证流程完成
[ 2025-09-02 00:27:09,125 ] 53 root - INFO - Data validation completed: True
[ 2025-09-02 00:27:09,125 ] 60 root - INFO - Entered initiate_data_transformation method of DataTransformation class
[ 2025-09-02 00:27:09,125 ] 62 root - INFO - Starting data transformation
[ 2025-09-02 00:27:09,145 ] 75 root - INFO - Training data shape: (8844, 31)
[ 2025-09-02 00:27:09,145 ] 76 root - INFO - Testing data shape: (2211, 31)
[ 2025-09-02 00:27:09,146 ] 83 root - INFO - Training features shape: (8844, 30)
[ 2025-09-02 00:27:09,146 ] 84 root - INFO - Training target distribution: {1: 4926, 0: 3918}
[ 2025-09-02 00:27:09,146 ] 91 root - INFO - Testing features shape: (2211, 30)
[ 2025-09-02 00:27:09,146 ] 92 root - INFO - Testing target distribution: {1: 1231, 0: 980}
[ 2025-09-02 00:27:09,146 ] 46 root - INFO - Entered get_data_transformer_object method of DataTransformation class
[ 2025-09-02 00:27:09,146 ] 51 root - INFO - Initialised KNNImputer with {'missing_values': nan, 'n_neighbors': 3, 'weights': 'uniform'}
[ 2025-09-02 00:27:09,146 ] 98 root - INFO - Fitting preprocessor on training data
[ 2025-09-02 00:27:09,147 ] 102 root - INFO - Transforming training data
[ 2025-09-02 00:27:09,148 ] 105 root - INFO - Transforming testing data
[ 2025-09-02 00:27:09,149 ] 108 root - INFO - Transformed training data shape: (8844, 30)
[ 2025-09-02 00:27:09,150 ] 109 root - INFO - Transformed testing data shape: (2211, 30)
[ 2025-09-02 00:27:09,150 ] 115 root - INFO - Final training array shape: (8844, 31)
[ 2025-09-02 00:27:09,150 ] 116 root - INFO - Final testing array shape: (2211, 31)
[ 2025-09-02 00:27:09,155 ] 124 root - INFO - Saving transformed data arrays
[ 2025-09-02 00:27:09,157 ] 135 root - INFO - Saving preprocessor object
[ 2025-09-02 00:27:09,157 ] 61 root - INFO - Entered the save_object method of MainUtils class
[ 2025-09-02 00:27:09,158 ] 65 root - INFO - Exited the save_object method of MainUtils class
[ 2025-09-02 00:27:09,158 ] 61 root - INFO - Entered the save_object method of MainUtils class
[ 2025-09-02 00:27:09,159 ] 65 root - INFO - Exited the save_object method of MainUtils class
[ 2025-09-02 00:27:09,159 ] 149 root - INFO - Data transformation completed successfully
[ 2025-09-02 00:27:09,159 ] 158 root - INFO - Data transformation artifact created:
[ 2025-09-02 00:27:09,159 ] 159 root - INFO -   - Preprocessor: Artifacts\09_02_2025_00_27_02\data_transformation\transformed_object\preprocessing.pkl
[ 2025-09-02 00:27:09,159 ] 160 root - INFO -   - Training data: Artifacts\09_02_2025_00_27_02\data_transformation\transformed\train.npy
[ 2025-09-02 00:27:09,159 ] 161 root - INFO -   - Testing data: Artifacts\09_02_2025_00_27_02\data_transformation\transformed\test.npy
[ 2025-09-02 00:27:09,159 ] 65 root - INFO - Data transformation completed
[ 2025-09-02 00:27:09,160 ] 480 root - INFO - 开始模型训练流程
[ 2025-09-02 00:27:09,160 ] 485 root - INFO - 训练数据文件: Artifacts\09_02_2025_00_27_02\data_transformation\transformed\train.npy
[ 2025-09-02 00:27:09,160 ] 486 root - INFO - 测试数据文件: Artifacts\09_02_2025_00_27_02\data_transformation\transformed\test.npy
[ 2025-09-02 00:27:09,166 ] 498 root - INFO - 训练数组形状: (8844, 31)
[ 2025-09-02 00:27:09,166 ] 499 root - INFO - 测试数组形状: (2211, 31)
[ 2025-09-02 00:27:09,166 ] 505 root - INFO - 特征维度: 30
[ 2025-09-02 00:27:09,166 ] 506 root - INFO - 训练样本数: 8844
[ 2025-09-02 00:27:09,166 ] 507 root - INFO - 测试样本数: 2211
[ 2025-09-02 00:27:09,166 ] 511 root - INFO - \U0001f525 使用增强版训练模式（Optuna + 并行化）
[ 2025-09-02 00:27:09,166 ] 140 root - INFO - === 开始增强版模型训练 ===
[ 2025-09-02 00:27:09,166 ] 141 root - INFO - 特性：Optuna贝叶斯优化 + 并行训练 + 详细结果记录
[ 2025-09-02 00:27:09,166 ] 184 root - INFO - 训练数据形状: (8844, 30)
[ 2025-09-02 00:27:09,166 ] 185 root - INFO - 测试数据形状: (2211, 30)
[ 2025-09-02 00:27:09,166 ] 186 root - INFO - 训练标签分布: {np.int64(0): np.int64(3918), np.int64(1): np.int64(4926)}
[ 2025-09-02 00:27:09,166 ] 187 root - INFO - 测试标签分布: {np.int64(0): np.int64(980), np.int64(1): np.int64(1231)}
[ 2025-09-02 00:27:09,166 ] 281 root - INFO - 开始并行模型评估 - 使用Optuna: True, 并行度: -1
[ 2025-09-02 00:27:09,166 ] 291 root - INFO - 使用Optuna贝叶斯优化，每个模型30次试验
[ 2025-09-02 00:27:09,191 ] 229 root - ERROR - Logistic Regression Optuna优化失败: The 'penalty' parameter of LogisticRegression must be a str among {'l2', 'l1', 'elasticnet'} or None. Got 'none' instead.
[ 2025-09-02 00:27:09,192 ] 229 root - ERROR - AdaBoost Optuna优化失败: The 'algorithm' parameter of AdaBoostClassifier must be a str among {'SAMME'}. Got 'SAMME.R' instead.
[ 2025-09-02 00:27:09,660 ] 225 root - INFO - Decision Tree Optuna优化完成 - F1: 0.9633, 最佳参数: {'criterion': 'entropy', 'max_depth': None, 'min_samples_split': 10, 'min_samples_leaf': 1}
[ 2025-09-02 00:27:17,414 ] 257 root - INFO - Logistic Regression GridSearch完成 - F1: 0.9316
[ 2025-09-02 00:27:24,601 ] 225 root - INFO - Random Forest Optuna优化完成 - F1: 0.9719, 最佳参数: {'n_estimators': 300, 'max_depth': None, 'min_samples_split': 5, 'min_samples_leaf': 1, 'max_features': 'sqrt'}
[ 2025-09-02 00:27:50,500 ] 257 root - INFO - AdaBoost GridSearch完成 - F1: 0.9343
[ 2025-09-02 00:28:09,332 ] 225 root - INFO - Gradient Boosting Optuna优化完成 - F1: 0.9751, 最佳参数: {'learning_rate': 0.2, 'subsample': 0.8, 'n_estimators': 300, 'max_depth': 7}
[ 2025-09-02 00:28:09,334 ] 313 root - INFO - === 模型性能排序 (按F1分数) ===
[ 2025-09-02 00:28:09,334 ] 315 root - INFO - 1. Gradient Boosting: F1=0.9751, Precision=0.9752, Recall=0.9751
[ 2025-09-02 00:28:09,334 ] 315 root - INFO - 2. Random Forest: F1=0.9719, Precision=0.9720, Recall=0.9720
[ 2025-09-02 00:28:09,334 ] 315 root - INFO - 3. Decision Tree: F1=0.9633, Precision=0.9634, Recall=0.9634
[ 2025-09-02 00:28:09,334 ] 315 root - INFO - 4. AdaBoost: F1=0.9343, Precision=0.9347, Recall=0.9344
[ 2025-09-02 00:28:09,334 ] 315 root - INFO - 5. Logistic Regression: F1=0.9316, Precision=0.9319, Recall=0.9317
[ 2025-09-02 00:28:09,334 ] 204 root - INFO - \U0001f680 并行优化完成！耗时: 60.17秒
[ 2025-09-02 00:28:09,335 ] 210 root - INFO - === 模型性能详细报告 ===
[ 2025-09-02 00:28:09,335 ] 213 root - INFO - Random Forest:
[ 2025-09-02 00:28:09,335 ] 214 root - INFO -   F1分数: 0.9719
[ 2025-09-02 00:28:09,335 ] 215 root - INFO -   精确率: 0.9720
[ 2025-09-02 00:28:09,335 ] 216 root - INFO -   召回率: 0.9720
[ 2025-09-02 00:28:09,335 ] 217 root - INFO -   准确率: 0.9720
[ 2025-09-02 00:28:09,335 ] 218 root - INFO -   最佳参数: {'n_estimators': 300, 'max_depth': None, 'min_samples_split': 5, 'min_samples_leaf': 1, 'max_features': 'sqrt'}
[ 2025-09-02 00:28:09,335 ] 220 root - INFO -   优化试验次数: 30
[ 2025-09-02 00:28:09,335 ] 221 root - INFO - 
[ 2025-09-02 00:28:09,335 ] 213 root - INFO - Decision Tree:
[ 2025-09-02 00:28:09,335 ] 214 root - INFO -   F1分数: 0.9633
[ 2025-09-02 00:28:09,335 ] 215 root - INFO -   精确率: 0.9634
[ 2025-09-02 00:28:09,335 ] 216 root - INFO -   召回率: 0.9634
[ 2025-09-02 00:28:09,335 ] 217 root - INFO -   准确率: 0.9634
[ 2025-09-02 00:28:09,335 ] 218 root - INFO -   最佳参数: {'criterion': 'entropy', 'max_depth': None, 'min_samples_split': 10, 'min_samples_leaf': 1}
[ 2025-09-02 00:28:09,335 ] 220 root - INFO -   优化试验次数: 30
[ 2025-09-02 00:28:09,335 ] 221 root - INFO - 
[ 2025-09-02 00:28:09,335 ] 213 root - INFO - Gradient Boosting:
[ 2025-09-02 00:28:09,335 ] 214 root - INFO -   F1分数: 0.9751
[ 2025-09-02 00:28:09,335 ] 215 root - INFO -   精确率: 0.9752
[ 2025-09-02 00:28:09,335 ] 216 root - INFO -   召回率: 0.9751
[ 2025-09-02 00:28:09,335 ] 217 root - INFO -   准确率: 0.9751
[ 2025-09-02 00:28:09,335 ] 218 root - INFO -   最佳参数: {'learning_rate': 0.2, 'subsample': 0.8, 'n_estimators': 300, 'max_depth': 7}
[ 2025-09-02 00:28:09,335 ] 220 root - INFO -   优化试验次数: 30
[ 2025-09-02 00:28:09,335 ] 221 root - INFO - 
[ 2025-09-02 00:28:09,335 ] 213 root - INFO - Logistic Regression:
[ 2025-09-02 00:28:09,335 ] 214 root - INFO -   F1分数: 0.9316
[ 2025-09-02 00:28:09,335 ] 215 root - INFO -   精确率: 0.9319
[ 2025-09-02 00:28:09,335 ] 216 root - INFO -   召回率: 0.9317
[ 2025-09-02 00:28:09,335 ] 217 root - INFO -   准确率: 0.9317
[ 2025-09-02 00:28:09,335 ] 218 root - INFO -   最佳参数: {'C': 0.1, 'penalty': 'l2', 'solver': 'saga'}
[ 2025-09-02 00:28:09,335 ] 221 root - INFO - 
[ 2025-09-02 00:28:09,335 ] 213 root - INFO - AdaBoost:
[ 2025-09-02 00:28:09,335 ] 214 root - INFO -   F1分数: 0.9343
[ 2025-09-02 00:28:09,335 ] 215 root - INFO -   精确率: 0.9347
[ 2025-09-02 00:28:09,335 ] 216 root - INFO -   召回率: 0.9344
[ 2025-09-02 00:28:09,335 ] 217 root - INFO -   准确率: 0.9344
[ 2025-09-02 00:28:09,335 ] 218 root - INFO -   最佳参数: {'algorithm': 'SAMME', 'learning_rate': 1.0, 'n_estimators': 500}
[ 2025-09-02 00:28:09,335 ] 221 root - INFO - 
[ 2025-09-02 00:28:09,335 ] 227 root - INFO - \U0001f3c6 最佳模型: Gradient Boosting, F1分数: 0.9751
[ 2025-09-02 00:28:09,335 ] 235 root - INFO - 应用最佳参数: {'learning_rate': 0.2, 'subsample': 0.8, 'n_estimators': 300, 'max_depth': 7}
[ 2025-09-02 00:28:11,994 ] 246 root - INFO - \U0001f4c8 最终训练集指标 - F1: 0.9912, 精确率: 0.9895, 召回率: 0.9929
[ 2025-09-02 00:28:11,994 ] 250 root - INFO - \U0001f4ca 最终测试集指标 - F1: 0.9794, 精确率: 0.9743, 召回率: 0.9846
[ 2025-09-02 00:28:11,994 ] 263 root - INFO - \u2705 模型泛化性能良好，训练测试性能差异: 0.0118
[ 2025-09-02 00:28:11,999 ] 286 root - INFO - \U0001f4c1 详细结果已保存到: model_comparison_results/enhanced_results_20250902_002811.csv
[ 2025-09-02 00:28:31,154 ] 127 root - INFO - MLflow跟踪完成: https://dagshub.com/ISyaxinLiu/NetworkSecurity.mlflow/#/experiments/3/runs/05a31de04fdd431191ec2545ff7060e0
[ 2025-09-02 00:28:33,145 ] 61 root - INFO - Entered the save_object method of MainUtils class
[ 2025-09-02 00:28:33,153 ] 65 root - INFO - Exited the save_object method of MainUtils class
[ 2025-09-02 00:28:33,153 ] 61 root - INFO - Entered the save_object method of MainUtils class
[ 2025-09-02 00:28:33,160 ] 65 root - INFO - Exited the save_object method of MainUtils class
[ 2025-09-02 00:28:33,160 ] 319 root - INFO - \u2705 增强版模型已保存到: Artifacts\09_02_2025_00_27_02\model_trainer\trained_model\model.pkl
[ 2025-09-02 00:28:33,160 ] 320 root - INFO - \u2705 增强版模型已保存到: final_model/model_enhanced.pkl
[ 2025-09-02 00:28:33,160 ] 329 root - INFO - \U0001f389 增强版模型训练完成!
[ 2025-09-02 00:28:33,160 ] 517 root - INFO - 模型训练流程完成
[ 2025-09-02 00:28:33,160 ] 518 root - INFO - 模型训练工件: ModelTrainerArtifact(trained_model_file_path='Artifacts\\09_02_2025_00_27_02\\model_trainer\\trained_model\\model.pkl', train_metric_artifact=ClassificationMetricArtifact(f1_score=0.9911845171749925, precision_score=0.9894800728302651, recall_score=0.9928948436865611), test_metric_artifact=ClassificationMetricArtifact(f1_score=0.9793939393939394, precision_score=0.9742765273311897, recall_score=0.9845653939886271))
[ 2025-09-02 00:28:33,160 ] 82 root - INFO - Model training completed
[ 2025-09-02 00:28:33,160 ] 229 root - INFO - 开始本地备份和总结
[ 2025-09-02 00:28:33,183 ] 104 root - INFO - Artifacts backed up to: model_backups\backup_09_02_2025_00_27_02\artifacts
[ 2025-09-02 00:28:33,193 ] 111 root - INFO - Final model backed up to: model_backups\backup_09_02_2025_00_27_02\final_model
[ 2025-09-02 00:28:33,194 ] 120 root - INFO - 本地备份完成: model_backups\backup_09_02_2025_00_27_02
[ 2025-09-02 00:28:33,194 ] 172 root - INFO - 模型总结保存到: model_summaries\model_summary_09_02_2025_00_27_02.txt
[ 2025-09-02 00:28:33,195 ] 206 root - INFO - 删除旧工件: Artifacts\09_01_2025_15_56_49
[ 2025-09-02 00:28:33,196 ] 208 root - INFO - 工件清理完成，保留最近 3 个
[ 2025-09-02 00:28:33,196 ] 241 root - INFO - 训练管道执行完成
[ 2025-09-02 00:28:33,196 ] 242 root - INFO - 模型性能 - 测试F1: 0.9794
[ 2025-09-02 00:28:33,196 ] 243 root - INFO - 本地备份: model_backups\backup_09_02_2025_00_27_02
[ 2025-09-02 00:28:33,196 ] 246 root - INFO - 模型总结: model_summaries\model_summary_09_02_2025_00_27_02.txt
