[ 2025-09-01 03:01:42,400 ] 20 root - INFO - Initiate the data ingestion
[ 2025-09-01 03:01:42,400 ] 182 root - INFO - 开始数据摄取流程
[ 2025-09-01 03:01:42,400 ] 185 root - INFO - 从PostgreSQL数据库读取数据
[ 2025-09-01 03:01:42,400 ] 45 root - INFO - 开始从PostgreSQL读取数据: 数据库=ns, 表=NetworkData
[ 2025-09-01 03:01:42,512 ] 59 root - INFO - 使用SQLAlchemy成功读取数据: 11055 行, 33 列
[ 2025-09-01 03:01:42,514 ] 88 root - INFO - 移除了数据库ID列
[ 2025-09-01 03:01:42,514 ] 92 root - INFO - 移除了创建时间列
[ 2025-09-01 03:01:42,514 ] 97 root - INFO - 数据读取完成，最终数据形状: (11055, 31)
[ 2025-09-01 03:01:42,514 ] 98 root - INFO - 列名: ['having_IP_Address', 'URL_Length', 'Shortining_Service', 'having_At_Symbol', 'double_slash_redirecting', 'Prefix_Suffix', 'having_Sub_Domain', 'SSLfinal_State', 'Domain_registeration_length', 'Favicon', 'port', 'HTTPS_token', 'Request_URL', 'URL_of_Anchor', 'Links_in_tags', 'SFH', 'Submitting_to_email', 'Abnormal_URL', 'Redirect', 'on_mouseover', 'RightClick', 'popUpWidnow', 'Iframe', 'age_of_domain', 'DNSRecord', 'web_traffic', 'Page_Rank', 'Google_Index', 'Links_pointing_to_page', 'Statistical_report', 'Result']
[ 2025-09-01 03:01:42,514 ] 189 root - INFO - 读取数据概览:
[ 2025-09-01 03:01:42,514 ] 190 root - INFO -   - 数据形状: (11055, 31)
[ 2025-09-01 03:01:42,514 ] 191 root - INFO -   - 缺失值数量: 0
[ 2025-09-01 03:01:42,514 ] 194 root - INFO -   - 目标变量分布: {1: 6157, -1: 4898}
[ 2025-09-01 03:01:42,514 ] 197 root - INFO - 导出数据到特征存储
[ 2025-09-01 03:01:42,538 ] 124 root - INFO - 数据成功导出到特征存储: Artifacts\09_01_2025_03_01_40\data_ingestion\feature_store\phisingData.csv
[ 2025-09-01 03:01:42,538 ] 125 root - INFO - 导出数据形状: (11055, 31)
[ 2025-09-01 03:01:42,538 ] 201 root - INFO - 分割数据为训练集和测试集
[ 2025-09-01 03:01:42,543 ] 146 root - INFO - Performed train test split on the dataframe
[ 2025-09-01 03:01:42,543 ] 147 root - INFO - 训练集大小: 8844, 测试集大小: 2211
[ 2025-09-01 03:01:42,543 ] 149 root - INFO - Exited split_data_as_train_test method of Data_Ingestion class
[ 2025-09-01 03:01:42,543 ] 157 root - INFO - Exporting train and test file path.
[ 2025-09-01 03:01:42,571 ] 169 root - INFO - Exported train and test file path.
[ 2025-09-01 03:01:42,571 ] 170 root - INFO - 训练文件: Artifacts\09_01_2025_03_01_40\data_ingestion\ingested\train.csv
[ 2025-09-01 03:01:42,571 ] 171 root - INFO - 测试文件: Artifacts\09_01_2025_03_01_40\data_ingestion\ingested\test.csv
[ 2025-09-01 03:01:42,571 ] 210 root - INFO - 数据摄取流程完成
[ 2025-09-01 03:01:42,571 ] 211 root - INFO - 训练文件: Artifacts\09_01_2025_03_01_40\data_ingestion\ingested\train.csv
[ 2025-09-01 03:01:42,571 ] 212 root - INFO - 测试文件: Artifacts\09_01_2025_03_01_40\data_ingestion\ingested\test.csv
[ 2025-09-01 03:01:42,571 ] 22 root - INFO - Data Initiation Completed
[ 2025-09-01 03:01:42,575 ] 26 root - INFO - Initiate the data Validation
[ 2025-09-01 03:01:42,575 ] 182 root - INFO - 开始数据验证流程
[ 2025-09-01 03:01:42,575 ] 183 root - INFO - 训练文件: Artifacts\09_01_2025_03_01_40\data_ingestion\ingested\train.csv
[ 2025-09-01 03:01:42,575 ] 184 root - INFO - 测试文件: Artifacts\09_01_2025_03_01_40\data_ingestion\ingested\test.csv
[ 2025-09-01 03:01:42,599 ] 190 root - INFO - 训练数据形状: (8844, 31)
[ 2025-09-01 03:01:42,599 ] 191 root - INFO - 测试数据形状: (2211, 31)
[ 2025-09-01 03:01:42,599 ] 44 root - INFO - Required number of columns: 31
[ 2025-09-01 03:01:42,599 ] 45 root - INFO - Data frame has columns: 31
[ 2025-09-01 03:01:42,599 ] 46 root - INFO - Data frame columns: ['having_IP_Address', 'URL_Length', 'Shortining_Service', 'having_At_Symbol', 'double_slash_redirecting', 'Prefix_Suffix', 'having_Sub_Domain', 'SSLfinal_State', 'Domain_registeration_length', 'Favicon', 'port', 'HTTPS_token', 'Request_URL', 'URL_of_Anchor', 'Links_in_tags', 'SFH', 'Submitting_to_email', 'Abnormal_URL', 'Redirect', 'on_mouseover', 'RightClick', 'popUpWidnow', 'Iframe', 'age_of_domain', 'DNSRecord', 'web_traffic', 'Page_Rank', 'Google_Index', 'Links_pointing_to_page', 'Statistical_report', 'Result']
[ 2025-09-01 03:01:42,599 ] 44 root - INFO - Required number of columns: 31
[ 2025-09-01 03:01:42,599 ] 45 root - INFO - Data frame has columns: 31
[ 2025-09-01 03:01:42,599 ] 46 root - INFO - Data frame columns: ['having_IP_Address', 'URL_Length', 'Shortining_Service', 'having_At_Symbol', 'double_slash_redirecting', 'Prefix_Suffix', 'having_Sub_Domain', 'SSLfinal_State', 'Domain_registeration_length', 'Favicon', 'port', 'HTTPS_token', 'Request_URL', 'URL_of_Anchor', 'Links_in_tags', 'SFH', 'Submitting_to_email', 'Abnormal_URL', 'Redirect', 'on_mouseover', 'RightClick', 'popUpWidnow', 'Iframe', 'age_of_domain', 'DNSRecord', 'web_traffic', 'Page_Rank', 'Google_Index', 'Links_pointing_to_page', 'Statistical_report', 'Result']
[ 2025-09-01 03:01:42,599 ] 82 root - INFO - 所有数值列验证通过
[ 2025-09-01 03:01:42,599 ] 82 root - INFO - 所有数值列验证通过
[ 2025-09-01 03:01:42,599 ] 108 root - INFO - Target column validation passed. Values: [-1  1]
[ 2025-09-01 03:01:42,599 ] 108 root - INFO - Target column validation passed. Values: [-1  1]
[ 2025-09-01 03:01:42,599 ] 232 root - INFO - 开始检测数据漂移
[ 2025-09-01 03:01:42,604 ] 145 root - INFO - Column having_IP_Address: p_value=0.9903, drift=False
[ 2025-09-01 03:01:42,605 ] 145 root - INFO - Column URL_Length: p_value=1.0000, drift=False
[ 2025-09-01 03:01:42,605 ] 145 root - INFO - Column Shortining_Service: p_value=1.0000, drift=False
[ 2025-09-01 03:01:42,605 ] 145 root - INFO - Column having_At_Symbol: p_value=1.0000, drift=False
[ 2025-09-01 03:01:42,605 ] 145 root - INFO - Column double_slash_redirecting: p_value=1.0000, drift=False
[ 2025-09-01 03:01:42,609 ] 145 root - INFO - Column Prefix_Suffix: p_value=1.0000, drift=False
[ 2025-09-01 03:01:42,609 ] 145 root - INFO - Column having_Sub_Domain: p_value=0.2003, drift=False
[ 2025-09-01 03:01:42,616 ] 145 root - INFO - Column SSLfinal_State: p_value=0.9715, drift=False
[ 2025-09-01 03:01:42,616 ] 145 root - INFO - Column Domain_registeration_length: p_value=1.0000, drift=False
[ 2025-09-01 03:01:42,616 ] 145 root - INFO - Column Favicon: p_value=1.0000, drift=False
[ 2025-09-01 03:01:42,616 ] 145 root - INFO - Column port: p_value=1.0000, drift=False
[ 2025-09-01 03:01:42,616 ] 145 root - INFO - Column HTTPS_token: p_value=0.9988, drift=False
[ 2025-09-01 03:01:42,616 ] 145 root - INFO - Column Request_URL: p_value=1.0000, drift=False
[ 2025-09-01 03:01:42,620 ] 145 root - INFO - Column URL_of_Anchor: p_value=1.0000, drift=False
[ 2025-09-01 03:01:42,620 ] 145 root - INFO - Column Links_in_tags: p_value=1.0000, drift=False
[ 2025-09-01 03:01:42,620 ] 145 root - INFO - Column SFH: p_value=0.9786, drift=False
[ 2025-09-01 03:01:42,620 ] 145 root - INFO - Column Submitting_to_email: p_value=1.0000, drift=False
[ 2025-09-01 03:01:42,625 ] 145 root - INFO - Column Abnormal_URL: p_value=0.9994, drift=False
[ 2025-09-01 03:01:42,625 ] 145 root - INFO - Column Redirect: p_value=1.0000, drift=False
[ 2025-09-01 03:01:42,625 ] 145 root - INFO - Column on_mouseover: p_value=1.0000, drift=False
[ 2025-09-01 03:01:42,625 ] 145 root - INFO - Column RightClick: p_value=1.0000, drift=False
[ 2025-09-01 03:01:42,625 ] 145 root - INFO - Column popUpWidnow: p_value=1.0000, drift=False
[ 2025-09-01 03:01:42,630 ] 145 root - INFO - Column Iframe: p_value=1.0000, drift=False
[ 2025-09-01 03:01:42,632 ] 145 root - INFO - Column age_of_domain: p_value=0.6771, drift=False
[ 2025-09-01 03:01:42,633 ] 145 root - INFO - Column DNSRecord: p_value=1.0000, drift=False
[ 2025-09-01 03:01:42,634 ] 145 root - INFO - Column web_traffic: p_value=0.9965, drift=False
[ 2025-09-01 03:01:42,636 ] 145 root - INFO - Column Page_Rank: p_value=0.9983, drift=False
[ 2025-09-01 03:01:42,637 ] 145 root - INFO - Column Google_Index: p_value=1.0000, drift=False
[ 2025-09-01 03:01:42,638 ] 145 root - INFO - Column Links_pointing_to_page: p_value=0.9688, drift=False
[ 2025-09-01 03:01:42,639 ] 145 root - INFO - Column Statistical_report: p_value=1.0000, drift=False
[ 2025-09-01 03:01:42,640 ] 145 root - INFO - Column Result: p_value=1.0000, drift=False
[ 2025-09-01 03:01:42,644 ] 164 root - INFO - Drift report saved to: Artifacts\09_01_2025_03_01_40\data_validation\drift_report\report.yaml
[ 2025-09-01 03:01:42,644 ] 238 root - INFO - 未检测到显著数据漂移
[ 2025-09-01 03:01:42,671 ] 259 root - INFO - 数据验证通过，文件保存到valid目录
[ 2025-09-01 03:01:42,671 ] 291 root - INFO - 数据验证流程完成
[ 2025-09-01 03:01:42,671 ] 28 root - INFO - data Validation Completed
[ 2025-09-01 03:01:42,671 ] 31 root - INFO - data Transformation started
[ 2025-09-01 03:01:42,671 ] 60 root - INFO - Entered initiate_data_transformation method of DataTransformation class
[ 2025-09-01 03:01:42,671 ] 62 root - INFO - Starting data transformation
[ 2025-09-01 03:01:42,693 ] 75 root - INFO - Training data shape: (8844, 31)
[ 2025-09-01 03:01:42,693 ] 76 root - INFO - Testing data shape: (2211, 31)
[ 2025-09-01 03:01:42,694 ] 83 root - INFO - Training features shape: (8844, 30)
[ 2025-09-01 03:01:42,694 ] 84 root - INFO - Training target distribution: {1: 4926, 0: 3918}
[ 2025-09-01 03:01:42,695 ] 91 root - INFO - Testing features shape: (2211, 30)
[ 2025-09-01 03:01:42,695 ] 92 root - INFO - Testing target distribution: {1: 1231, 0: 980}
[ 2025-09-01 03:01:42,695 ] 46 root - INFO - Entered get_data_transformer_object method of DataTransformation class
[ 2025-09-01 03:01:42,695 ] 51 root - INFO - Initialised KNNImputer with {'missing_values': nan, 'n_neighbors': 3, 'weights': 'uniform'}
[ 2025-09-01 03:01:42,695 ] 98 root - INFO - Fitting preprocessor on training data
[ 2025-09-01 03:01:42,696 ] 102 root - INFO - Transforming training data
[ 2025-09-01 03:01:42,697 ] 105 root - INFO - Transforming testing data
[ 2025-09-01 03:01:42,698 ] 108 root - INFO - Transformed training data shape: (8844, 30)
[ 2025-09-01 03:01:42,698 ] 109 root - INFO - Transformed testing data shape: (2211, 30)
[ 2025-09-01 03:01:42,698 ] 115 root - INFO - Final training array shape: (8844, 31)
[ 2025-09-01 03:01:42,698 ] 116 root - INFO - Final testing array shape: (2211, 31)
[ 2025-09-01 03:01:42,700 ] 124 root - INFO - Saving transformed data arrays
[ 2025-09-01 03:01:42,703 ] 135 root - INFO - Saving preprocessor object
[ 2025-09-01 03:01:42,703 ] 46 root - INFO - Entered the save_object method of MainUtils class
[ 2025-09-01 03:01:42,703 ] 50 root - INFO - Exited the save_object method of MainUtils class
[ 2025-09-01 03:01:42,703 ] 46 root - INFO - Entered the save_object method of MainUtils class
[ 2025-09-01 03:01:42,703 ] 50 root - INFO - Exited the save_object method of MainUtils class
[ 2025-09-01 03:01:42,703 ] 149 root - INFO - Data transformation completed successfully
[ 2025-09-01 03:01:42,703 ] 158 root - INFO - Data transformation artifact created:
[ 2025-09-01 03:01:42,703 ] 159 root - INFO -   - Preprocessor: Artifacts\09_01_2025_03_01_40\data_transformation\transformed_object\preprocessing.pkl
[ 2025-09-01 03:01:42,703 ] 160 root - INFO -   - Training data: Artifacts\09_01_2025_03_01_40\data_transformation\transformed\train.npy
[ 2025-09-01 03:01:42,703 ] 161 root - INFO -   - Testing data: Artifacts\09_01_2025_03_01_40\data_transformation\transformed\test.npy
[ 2025-09-01 03:01:42,703 ] 35 root - INFO - data Transformation completed
[ 2025-09-01 03:01:42,703 ] 37 root - INFO - Model Training sstared
[ 2025-09-01 03:01:42,703 ] 221 root - INFO - 开始模型训练流程
[ 2025-09-01 03:01:42,703 ] 226 root - INFO - 训练数据文件: Artifacts\09_01_2025_03_01_40\data_transformation\transformed\train.npy
[ 2025-09-01 03:01:42,703 ] 227 root - INFO - 测试数据文件: Artifacts\09_01_2025_03_01_40\data_transformation\transformed\test.npy
[ 2025-09-01 03:01:42,714 ] 239 root - INFO - 训练数组形状: (8844, 31)
[ 2025-09-01 03:01:42,714 ] 240 root - INFO - 测试数组形状: (2211, 31)
[ 2025-09-01 03:01:42,714 ] 246 root - INFO - 特征维度: 30
[ 2025-09-01 03:01:42,714 ] 247 root - INFO - 训练样本数: 8844
[ 2025-09-01 03:01:42,714 ] 248 root - INFO - 测试样本数: 2211
[ 2025-09-01 03:01:42,714 ] 84 root - INFO - 开始模型训练和评估
[ 2025-09-01 03:01:42,715 ] 118 root - INFO - 训练数据形状: (8844, 30)
[ 2025-09-01 03:01:42,715 ] 119 root - INFO - 测试数据形状: (2211, 30)
[ 2025-09-01 03:01:42,715 ] 120 root - INFO - 训练标签分布: {np.int64(0): np.int64(3918), np.int64(1): np.int64(4926)}
[ 2025-09-01 03:01:42,715 ] 121 root - INFO - 测试标签分布: {np.int64(0): np.int64(980), np.int64(1): np.int64(1231)}
[ 2025-09-01 03:02:21,838 ] 130 root - INFO - 模型评估报告: {'Random Forest': {'accuracy': 0.9565807327001357, 'precision': 0.9450980392156862, 'recall': 0.9788789601949635, 'f1_score': 0.9616919393455706}, 'Decision Tree': {'accuracy': 0.947535052012664, 'precision': 0.955846279640229, 'recall': 0.9496344435418359, 'f1_score': 0.9527302363488183}, 'Gradient Boosting': {'accuracy': 0.9665309814563546, 'precision': 0.9661563255439162, 'recall': 0.9740048740861088, 'f1_score': 0.9700647249190939}, 'Logistic Regression': {'accuracy': 0.9317051108095884, 'precision': 0.9265402843601895, 'recall': 0.9528838342810723, 'f1_score': 0.9395274329195034}, 'AdaBoost': {'accuracy': 0.9339665309814563, 'precision': 0.9302141157811261, 'recall': 0.9528838342810723, 'f1_score': 0.9414125200642055}}
[ 2025-09-01 03:02:21,838 ] 142 root - INFO - 最佳模型: Gradient Boosting, F1分数: 0.9701
[ 2025-09-01 03:02:22,635 ] 160 root - INFO - 训练集指标 - F1: 0.9739, 精确率: 0.9713, 召回率: 0.9765
[ 2025-09-01 03:02:22,635 ] 164 root - INFO - 测试集指标 - F1: 0.9694, 精确率: 0.9624, 召回率: 0.9764
[ 2025-09-01 03:02:31,350 ] 77 root - WARNING - MLflow tracking failed: INTERNAL_ERROR: Response: {'error': 'unsupported endpoint, please contact support@dagshub.com'}
[ 2025-09-01 03:02:31,361 ] 46 root - INFO - Entered the save_object method of MainUtils class
[ 2025-09-01 03:02:31,364 ] 50 root - INFO - Exited the save_object method of MainUtils class
[ 2025-09-01 03:02:31,364 ] 46 root - INFO - Entered the save_object method of MainUtils class
[ 2025-09-01 03:02:31,367 ] 50 root - INFO - Exited the save_object method of MainUtils class
[ 2025-09-01 03:02:31,367 ] 201 root - INFO - 模型已保存到: Artifacts\09_01_2025_03_01_40\model_trainer\trained_model\model.pkl
[ 2025-09-01 03:02:31,367 ] 202 root - INFO - 模型已保存到: final_model/model.pkl
[ 2025-09-01 03:02:31,367 ] 253 root - INFO - 模型训练流程完成
[ 2025-09-01 03:02:31,367 ] 254 root - INFO - 模型训练工件: ModelTrainerArtifact(trained_model_file_path='Artifacts\\09_01_2025_03_01_40\\model_trainer\\trained_model\\model.pkl', train_metric_artifact=ClassificationMetricArtifact(f1_score=0.9738813525005062, precision_score=0.971324717285945, recall_score=0.9764514819326026), test_metric_artifact=ClassificationMetricArtifact(f1_score=0.9693548387096774, precision_score=0.9623698959167334, recall_score=0.9764419171405362))
[ 2025-09-01 03:02:31,367 ] 42 root - INFO - Model Training artifact created
