[ 2025-09-01 01:48:05,894 ] 46 root - INFO - Entered get_data_transformer_object method of DataTransformation class
[ 2025-09-01 01:48:05,894 ] 51 root - INFO - Initialised KNNImputer with {'missing_values': nan, 'n_neighbors': 3, 'weights': 'uniform'}
[ 2025-09-01 01:48:05,992 ] 182 root - INFO - 开始数据摄取流程
[ 2025-09-01 01:48:05,992 ] 185 root - INFO - 从PostgreSQL数据库读取数据
[ 2025-09-01 01:48:05,992 ] 45 root - INFO - 开始从PostgreSQL读取数据: 数据库=ns, 表=NetworkData
[ 2025-09-01 01:48:06,130 ] 59 root - INFO - 使用SQLAlchemy成功读取数据: 11055 行, 33 列
[ 2025-09-01 01:48:06,131 ] 88 root - INFO - 移除了数据库ID列
[ 2025-09-01 01:48:06,131 ] 92 root - INFO - 移除了创建时间列
[ 2025-09-01 01:48:06,132 ] 97 root - INFO - 数据读取完成，最终数据形状: (11055, 31)
[ 2025-09-01 01:48:06,132 ] 98 root - INFO - 列名: ['having_IP_Address', 'URL_Length', 'Shortining_Service', 'having_At_Symbol', 'double_slash_redirecting', 'Prefix_Suffix', 'having_Sub_Domain', 'SSLfinal_State', 'Domain_registeration_length', 'Favicon', 'port', 'HTTPS_token', 'Request_URL', 'URL_of_Anchor', 'Links_in_tags', 'SFH', 'Submitting_to_email', 'Abnormal_URL', 'Redirect', 'on_mouseover', 'RightClick', 'popUpWidnow', 'Iframe', 'age_of_domain', 'DNSRecord', 'web_traffic', 'Page_Rank', 'Google_Index', 'Links_pointing_to_page', 'Statistical_report', 'Result']
[ 2025-09-01 01:48:06,132 ] 189 root - INFO - 读取数据概览:
[ 2025-09-01 01:48:06,132 ] 190 root - INFO -   - 数据形状: (11055, 31)
[ 2025-09-01 01:48:06,132 ] 191 root - INFO -   - 缺失值数量: 0
[ 2025-09-01 01:48:06,133 ] 194 root - INFO -   - 目标变量分布: {1: 6157, -1: 4898}
[ 2025-09-01 01:48:06,133 ] 197 root - INFO - 导出数据到特征存储
[ 2025-09-01 01:48:06,159 ] 124 root - INFO - 数据成功导出到特征存储: Artifacts\09_01_2025_01_48_05\data_ingestion\feature_store\phisingData.csv
[ 2025-09-01 01:48:06,159 ] 125 root - INFO - 导出数据形状: (11055, 31)
[ 2025-09-01 01:48:06,159 ] 201 root - INFO - 分割数据为训练集和测试集
[ 2025-09-01 01:48:06,162 ] 146 root - INFO - Performed train test split on the dataframe
[ 2025-09-01 01:48:06,162 ] 147 root - INFO - 训练集大小: 8844, 测试集大小: 2211
[ 2025-09-01 01:48:06,162 ] 149 root - INFO - Exited split_data_as_train_test method of Data_Ingestion class
[ 2025-09-01 01:48:06,162 ] 157 root - INFO - Exporting train and test file path.
[ 2025-09-01 01:48:06,187 ] 169 root - INFO - Exported train and test file path.
[ 2025-09-01 01:48:06,187 ] 170 root - INFO - 训练文件: Artifacts\09_01_2025_01_48_05\data_ingestion\ingested\train.csv
[ 2025-09-01 01:48:06,187 ] 171 root - INFO - 测试文件: Artifacts\09_01_2025_01_48_05\data_ingestion\ingested\test.csv
[ 2025-09-01 01:48:06,187 ] 210 root - INFO - 数据摄取流程完成
[ 2025-09-01 01:48:06,187 ] 211 root - INFO - 训练文件: Artifacts\09_01_2025_01_48_05\data_ingestion\ingested\train.csv
[ 2025-09-01 01:48:06,187 ] 212 root - INFO - 测试文件: Artifacts\09_01_2025_01_48_05\data_ingestion\ingested\test.csv
[ 2025-09-01 01:48:06,191 ] 182 root - INFO - 开始数据验证流程
[ 2025-09-01 01:48:06,191 ] 183 root - INFO - 训练文件: Artifacts\09_01_2025_01_48_05\data_ingestion\ingested\train.csv
[ 2025-09-01 01:48:06,191 ] 184 root - INFO - 测试文件: Artifacts\09_01_2025_01_48_05\data_ingestion\ingested\test.csv
[ 2025-09-01 01:48:06,218 ] 190 root - INFO - 训练数据形状: (8844, 31)
[ 2025-09-01 01:48:06,218 ] 191 root - INFO - 测试数据形状: (2211, 31)
[ 2025-09-01 01:48:06,218 ] 44 root - INFO - Required number of columns: 31
[ 2025-09-01 01:48:06,218 ] 45 root - INFO - Data frame has columns: 31
[ 2025-09-01 01:48:06,218 ] 46 root - INFO - Data frame columns: ['having_IP_Address', 'URL_Length', 'Shortining_Service', 'having_At_Symbol', 'double_slash_redirecting', 'Prefix_Suffix', 'having_Sub_Domain', 'SSLfinal_State', 'Domain_registeration_length', 'Favicon', 'port', 'HTTPS_token', 'Request_URL', 'URL_of_Anchor', 'Links_in_tags', 'SFH', 'Submitting_to_email', 'Abnormal_URL', 'Redirect', 'on_mouseover', 'RightClick', 'popUpWidnow', 'Iframe', 'age_of_domain', 'DNSRecord', 'web_traffic', 'Page_Rank', 'Google_Index', 'Links_pointing_to_page', 'Statistical_report', 'Result']
[ 2025-09-01 01:48:06,218 ] 44 root - INFO - Required number of columns: 31
[ 2025-09-01 01:48:06,218 ] 45 root - INFO - Data frame has columns: 31
[ 2025-09-01 01:48:06,218 ] 46 root - INFO - Data frame columns: ['having_IP_Address', 'URL_Length', 'Shortining_Service', 'having_At_Symbol', 'double_slash_redirecting', 'Prefix_Suffix', 'having_Sub_Domain', 'SSLfinal_State', 'Domain_registeration_length', 'Favicon', 'port', 'HTTPS_token', 'Request_URL', 'URL_of_Anchor', 'Links_in_tags', 'SFH', 'Submitting_to_email', 'Abnormal_URL', 'Redirect', 'on_mouseover', 'RightClick', 'popUpWidnow', 'Iframe', 'age_of_domain', 'DNSRecord', 'web_traffic', 'Page_Rank', 'Google_Index', 'Links_pointing_to_page', 'Statistical_report', 'Result']
[ 2025-09-01 01:48:06,219 ] 82 root - INFO - 所有数值列验证通过
[ 2025-09-01 01:48:06,219 ] 82 root - INFO - 所有数值列验证通过
[ 2025-09-01 01:48:06,219 ] 108 root - INFO - Target column validation passed. Values: [-1  1]
[ 2025-09-01 01:48:06,219 ] 108 root - INFO - Target column validation passed. Values: [-1  1]
[ 2025-09-01 01:48:06,219 ] 232 root - INFO - 开始检测数据漂移
[ 2025-09-01 01:48:06,221 ] 145 root - INFO - Column having_IP_Address: p_value=0.9903, drift=False
[ 2025-09-01 01:48:06,222 ] 145 root - INFO - Column URL_Length: p_value=1.0000, drift=False
[ 2025-09-01 01:48:06,223 ] 145 root - INFO - Column Shortining_Service: p_value=1.0000, drift=False
[ 2025-09-01 01:48:06,224 ] 145 root - INFO - Column having_At_Symbol: p_value=1.0000, drift=False
[ 2025-09-01 01:48:06,225 ] 145 root - INFO - Column double_slash_redirecting: p_value=1.0000, drift=False
[ 2025-09-01 01:48:06,225 ] 145 root - INFO - Column Prefix_Suffix: p_value=1.0000, drift=False
[ 2025-09-01 01:48:06,229 ] 145 root - INFO - Column having_Sub_Domain: p_value=0.2003, drift=False
[ 2025-09-01 01:48:06,231 ] 145 root - INFO - Column SSLfinal_State: p_value=0.9715, drift=False
[ 2025-09-01 01:48:06,232 ] 145 root - INFO - Column Domain_registeration_length: p_value=1.0000, drift=False
[ 2025-09-01 01:48:06,233 ] 145 root - INFO - Column Favicon: p_value=1.0000, drift=False
[ 2025-09-01 01:48:06,234 ] 145 root - INFO - Column port: p_value=1.0000, drift=False
[ 2025-09-01 01:48:06,235 ] 145 root - INFO - Column HTTPS_token: p_value=0.9988, drift=False
[ 2025-09-01 01:48:06,235 ] 145 root - INFO - Column Request_URL: p_value=1.0000, drift=False
[ 2025-09-01 01:48:06,237 ] 145 root - INFO - Column URL_of_Anchor: p_value=1.0000, drift=False
[ 2025-09-01 01:48:06,239 ] 145 root - INFO - Column Links_in_tags: p_value=1.0000, drift=False
[ 2025-09-01 01:48:06,241 ] 145 root - INFO - Column SFH: p_value=0.9786, drift=False
[ 2025-09-01 01:48:06,242 ] 145 root - INFO - Column Submitting_to_email: p_value=1.0000, drift=False
[ 2025-09-01 01:48:06,243 ] 145 root - INFO - Column Abnormal_URL: p_value=0.9994, drift=False
[ 2025-09-01 01:48:06,244 ] 145 root - INFO - Column Redirect: p_value=1.0000, drift=False
[ 2025-09-01 01:48:06,245 ] 145 root - INFO - Column on_mouseover: p_value=1.0000, drift=False
[ 2025-09-01 01:48:06,246 ] 145 root - INFO - Column RightClick: p_value=1.0000, drift=False
[ 2025-09-01 01:48:06,247 ] 145 root - INFO - Column popUpWidnow: p_value=1.0000, drift=False
[ 2025-09-01 01:48:06,247 ] 145 root - INFO - Column Iframe: p_value=1.0000, drift=False
[ 2025-09-01 01:48:06,251 ] 145 root - INFO - Column age_of_domain: p_value=0.6771, drift=False
[ 2025-09-01 01:48:06,251 ] 145 root - INFO - Column DNSRecord: p_value=1.0000, drift=False
[ 2025-09-01 01:48:06,253 ] 145 root - INFO - Column web_traffic: p_value=0.9965, drift=False
[ 2025-09-01 01:48:06,254 ] 145 root - INFO - Column Page_Rank: p_value=0.9983, drift=False
[ 2025-09-01 01:48:06,255 ] 145 root - INFO - Column Google_Index: p_value=1.0000, drift=False
[ 2025-09-01 01:48:06,257 ] 145 root - INFO - Column Links_pointing_to_page: p_value=0.9688, drift=False
[ 2025-09-01 01:48:06,258 ] 145 root - INFO - Column Statistical_report: p_value=1.0000, drift=False
[ 2025-09-01 01:48:06,258 ] 145 root - INFO - Column Result: p_value=1.0000, drift=False
[ 2025-09-01 01:48:06,263 ] 164 root - INFO - Drift report saved to: Artifacts\09_01_2025_01_48_05\data_validation\drift_report\report.yaml
[ 2025-09-01 01:48:06,263 ] 238 root - INFO - 未检测到显著数据漂移
[ 2025-09-01 01:48:06,288 ] 259 root - INFO - 数据验证通过，文件保存到valid目录
[ 2025-09-01 01:48:06,288 ] 291 root - INFO - 数据验证流程完成
[ 2025-09-01 01:48:06,289 ] 60 root - INFO - Entered initiate_data_transformation method of DataTransformation class
[ 2025-09-01 01:48:06,289 ] 62 root - INFO - Starting data transformation
[ 2025-09-01 01:48:06,311 ] 75 root - INFO - Training data shape: (8844, 31)
[ 2025-09-01 01:48:06,311 ] 76 root - INFO - Testing data shape: (2211, 31)
[ 2025-09-01 01:48:06,312 ] 83 root - INFO - Training features shape: (8844, 30)
[ 2025-09-01 01:48:06,312 ] 84 root - INFO - Training target distribution: {1: 4926, 0: 3918}
[ 2025-09-01 01:48:06,313 ] 91 root - INFO - Testing features shape: (2211, 30)
[ 2025-09-01 01:48:06,313 ] 92 root - INFO - Testing target distribution: {1: 1231, 0: 980}
[ 2025-09-01 01:48:06,313 ] 46 root - INFO - Entered get_data_transformer_object method of DataTransformation class
[ 2025-09-01 01:48:06,313 ] 51 root - INFO - Initialised KNNImputer with {'missing_values': nan, 'n_neighbors': 3, 'weights': 'uniform'}
[ 2025-09-01 01:48:06,313 ] 98 root - INFO - Fitting preprocessor on training data
[ 2025-09-01 01:48:06,314 ] 102 root - INFO - Transforming training data
[ 2025-09-01 01:48:06,315 ] 105 root - INFO - Transforming testing data
[ 2025-09-01 01:48:06,316 ] 108 root - INFO - Transformed training data shape: (8844, 30)
[ 2025-09-01 01:48:06,316 ] 109 root - INFO - Transformed testing data shape: (2211, 30)
[ 2025-09-01 01:48:06,316 ] 115 root - INFO - Final training array shape: (8844, 31)
[ 2025-09-01 01:48:06,316 ] 116 root - INFO - Final testing array shape: (2211, 31)
[ 2025-09-01 01:48:06,317 ] 124 root - INFO - Saving transformed data arrays
[ 2025-09-01 01:48:06,318 ] 135 root - INFO - Saving preprocessor object
[ 2025-09-01 01:48:06,318 ] 46 root - INFO - Entered the save_object method of MainUtils class
[ 2025-09-01 01:48:06,320 ] 50 root - INFO - Exited the save_object method of MainUtils class
[ 2025-09-01 01:48:06,320 ] 46 root - INFO - Entered the save_object method of MainUtils class
[ 2025-09-01 01:48:06,322 ] 50 root - INFO - Exited the save_object method of MainUtils class
[ 2025-09-01 01:48:06,322 ] 149 root - INFO - Data transformation completed successfully
[ 2025-09-01 01:48:06,322 ] 158 root - INFO - Data transformation artifact created:
[ 2025-09-01 01:48:06,322 ] 159 root - INFO -   - Preprocessor: Artifacts\09_01_2025_01_48_05\data_transformation\transformed_object\preprocessing.pkl
[ 2025-09-01 01:48:06,322 ] 160 root - INFO -   - Training data: Artifacts\09_01_2025_01_48_05\data_transformation\transformed\train.npy
[ 2025-09-01 01:48:06,322 ] 161 root - INFO -   - Testing data: Artifacts\09_01_2025_01_48_05\data_transformation\transformed\test.npy
