[ 2025-09-01 15:27:26,480 ] 1025 httpx - INFO - HTTP Request: GET https://dagshub.com/api/v1/user "HTTP/1.1 200 OK"
[ 2025-09-01 15:27:26,484 ] 107 dagshub - INFO - Accessing as ISyaxinLiu
[ 2025-09-01 15:27:27,461 ] 1025 httpx - INFO - HTTP Request: GET https://dagshub.com/api/v1/repos/ISyaxinLiu/NetworkSecurity "HTTP/1.1 200 OK"
[ 2025-09-01 15:27:28,387 ] 1025 httpx - INFO - HTTP Request: GET https://dagshub.com/api/v1/user "HTTP/1.1 200 OK"
[ 2025-09-01 15:27:28,389 ] 107 dagshub - INFO - Initialized MLflow to track repo "ISyaxinLiu/NetworkSecurity"
[ 2025-09-01 15:27:28,389 ] 107 dagshub - INFO - Repository ISyaxinLiu/NetworkSecurity initialized!
[ 2025-09-01 15:27:28,391 ] 182 root - INFO - 开始数据摄取流程
[ 2025-09-01 15:27:28,391 ] 185 root - INFO - 从PostgreSQL数据库读取数据
[ 2025-09-01 15:27:28,391 ] 45 root - INFO - 开始从PostgreSQL读取数据: 数据库=ns, 表=NetworkData
[ 2025-09-01 15:27:28,501 ] 59 root - INFO - 使用SQLAlchemy成功读取数据: 11055 行, 33 列
[ 2025-09-01 15:27:28,502 ] 88 root - INFO - 移除了数据库ID列
[ 2025-09-01 15:27:28,503 ] 92 root - INFO - 移除了创建时间列
[ 2025-09-01 15:27:28,503 ] 97 root - INFO - 数据读取完成，最终数据形状: (11055, 31)
[ 2025-09-01 15:27:28,503 ] 98 root - INFO - 列名: ['having_IP_Address', 'URL_Length', 'Shortining_Service', 'having_At_Symbol', 'double_slash_redirecting', 'Prefix_Suffix', 'having_Sub_Domain', 'SSLfinal_State', 'Domain_registeration_length', 'Favicon', 'port', 'HTTPS_token', 'Request_URL', 'URL_of_Anchor', 'Links_in_tags', 'SFH', 'Submitting_to_email', 'Abnormal_URL', 'Redirect', 'on_mouseover', 'RightClick', 'popUpWidnow', 'Iframe', 'age_of_domain', 'DNSRecord', 'web_traffic', 'Page_Rank', 'Google_Index', 'Links_pointing_to_page', 'Statistical_report', 'Result']
[ 2025-09-01 15:27:28,503 ] 189 root - INFO - 读取数据概览:
[ 2025-09-01 15:27:28,503 ] 190 root - INFO -   - 数据形状: (11055, 31)
[ 2025-09-01 15:27:28,503 ] 191 root - INFO -   - 缺失值数量: 0
[ 2025-09-01 15:27:28,504 ] 194 root - INFO -   - 目标变量分布: {1: 6157, -1: 4898}
[ 2025-09-01 15:27:28,504 ] 197 root - INFO - 导出数据到特征存储
[ 2025-09-01 15:27:28,529 ] 124 root - INFO - 数据成功导出到特征存储: Artifacts\09_01_2025_15_27_23\data_ingestion\feature_store\phisingData.csv
[ 2025-09-01 15:27:28,529 ] 125 root - INFO - 导出数据形状: (11055, 31)
[ 2025-09-01 15:27:28,529 ] 201 root - INFO - 分割数据为训练集和测试集
[ 2025-09-01 15:27:28,532 ] 146 root - INFO - Performed train test split on the dataframe
[ 2025-09-01 15:27:28,532 ] 147 root - INFO - 训练集大小: 8844, 测试集大小: 2211
[ 2025-09-01 15:27:28,532 ] 149 root - INFO - Exited split_data_as_train_test method of Data_Ingestion class
[ 2025-09-01 15:27:28,532 ] 157 root - INFO - Exporting train and test file path.
[ 2025-09-01 15:27:28,558 ] 169 root - INFO - Exported train and test file path.
[ 2025-09-01 15:27:28,558 ] 170 root - INFO - 训练文件: Artifacts\09_01_2025_15_27_23\data_ingestion\ingested\train.csv
[ 2025-09-01 15:27:28,558 ] 171 root - INFO - 测试文件: Artifacts\09_01_2025_15_27_23\data_ingestion\ingested\test.csv
[ 2025-09-01 15:27:28,558 ] 210 root - INFO - 数据摄取流程完成
[ 2025-09-01 15:27:28,558 ] 211 root - INFO - 训练文件: Artifacts\09_01_2025_15_27_23\data_ingestion\ingested\train.csv
[ 2025-09-01 15:27:28,558 ] 212 root - INFO - 测试文件: Artifacts\09_01_2025_15_27_23\data_ingestion\ingested\test.csv
[ 2025-09-01 15:27:28,562 ] 182 root - INFO - 开始数据验证流程
[ 2025-09-01 15:27:28,562 ] 183 root - INFO - 训练文件: Artifacts\09_01_2025_15_27_23\data_ingestion\ingested\train.csv
[ 2025-09-01 15:27:28,562 ] 184 root - INFO - 测试文件: Artifacts\09_01_2025_15_27_23\data_ingestion\ingested\test.csv
[ 2025-09-01 15:27:28,588 ] 190 root - INFO - 训练数据形状: (8844, 31)
[ 2025-09-01 15:27:28,588 ] 191 root - INFO - 测试数据形状: (2211, 31)
[ 2025-09-01 15:27:28,588 ] 44 root - INFO - Required number of columns: 31
[ 2025-09-01 15:27:28,588 ] 45 root - INFO - Data frame has columns: 31
[ 2025-09-01 15:27:28,588 ] 46 root - INFO - Data frame columns: ['having_IP_Address', 'URL_Length', 'Shortining_Service', 'having_At_Symbol', 'double_slash_redirecting', 'Prefix_Suffix', 'having_Sub_Domain', 'SSLfinal_State', 'Domain_registeration_length', 'Favicon', 'port', 'HTTPS_token', 'Request_URL', 'URL_of_Anchor', 'Links_in_tags', 'SFH', 'Submitting_to_email', 'Abnormal_URL', 'Redirect', 'on_mouseover', 'RightClick', 'popUpWidnow', 'Iframe', 'age_of_domain', 'DNSRecord', 'web_traffic', 'Page_Rank', 'Google_Index', 'Links_pointing_to_page', 'Statistical_report', 'Result']
[ 2025-09-01 15:27:28,588 ] 44 root - INFO - Required number of columns: 31
[ 2025-09-01 15:27:28,588 ] 45 root - INFO - Data frame has columns: 31
[ 2025-09-01 15:27:28,588 ] 46 root - INFO - Data frame columns: ['having_IP_Address', 'URL_Length', 'Shortining_Service', 'having_At_Symbol', 'double_slash_redirecting', 'Prefix_Suffix', 'having_Sub_Domain', 'SSLfinal_State', 'Domain_registeration_length', 'Favicon', 'port', 'HTTPS_token', 'Request_URL', 'URL_of_Anchor', 'Links_in_tags', 'SFH', 'Submitting_to_email', 'Abnormal_URL', 'Redirect', 'on_mouseover', 'RightClick', 'popUpWidnow', 'Iframe', 'age_of_domain', 'DNSRecord', 'web_traffic', 'Page_Rank', 'Google_Index', 'Links_pointing_to_page', 'Statistical_report', 'Result']
[ 2025-09-01 15:27:28,588 ] 82 root - INFO - 所有数值列验证通过
[ 2025-09-01 15:27:28,589 ] 82 root - INFO - 所有数值列验证通过
[ 2025-09-01 15:27:28,589 ] 108 root - INFO - Target column validation passed. Values: [-1  1]
[ 2025-09-01 15:27:28,589 ] 108 root - INFO - Target column validation passed. Values: [-1  1]
[ 2025-09-01 15:27:28,589 ] 232 root - INFO - 开始检测数据漂移
[ 2025-09-01 15:27:28,590 ] 145 root - INFO - Column having_IP_Address: p_value=0.9903, drift=False
[ 2025-09-01 15:27:28,591 ] 145 root - INFO - Column URL_Length: p_value=1.0000, drift=False
[ 2025-09-01 15:27:28,592 ] 145 root - INFO - Column Shortining_Service: p_value=1.0000, drift=False
[ 2025-09-01 15:27:28,593 ] 145 root - INFO - Column having_At_Symbol: p_value=1.0000, drift=False
[ 2025-09-01 15:27:28,594 ] 145 root - INFO - Column double_slash_redirecting: p_value=1.0000, drift=False
[ 2025-09-01 15:27:28,594 ] 145 root - INFO - Column Prefix_Suffix: p_value=1.0000, drift=False
[ 2025-09-01 15:27:28,598 ] 145 root - INFO - Column having_Sub_Domain: p_value=0.2003, drift=False
[ 2025-09-01 15:27:28,600 ] 145 root - INFO - Column SSLfinal_State: p_value=0.9715, drift=False
[ 2025-09-01 15:27:28,602 ] 145 root - INFO - Column Domain_registeration_length: p_value=1.0000, drift=False
[ 2025-09-01 15:27:28,602 ] 145 root - INFO - Column Favicon: p_value=1.0000, drift=False
[ 2025-09-01 15:27:28,603 ] 145 root - INFO - Column port: p_value=1.0000, drift=False
[ 2025-09-01 15:27:28,604 ] 145 root - INFO - Column HTTPS_token: p_value=0.9988, drift=False
[ 2025-09-01 15:27:28,605 ] 145 root - INFO - Column Request_URL: p_value=1.0000, drift=False
[ 2025-09-01 15:27:28,606 ] 145 root - INFO - Column URL_of_Anchor: p_value=1.0000, drift=False
[ 2025-09-01 15:27:28,607 ] 145 root - INFO - Column Links_in_tags: p_value=1.0000, drift=False
[ 2025-09-01 15:27:28,609 ] 145 root - INFO - Column SFH: p_value=0.9786, drift=False
[ 2025-09-01 15:27:28,609 ] 145 root - INFO - Column Submitting_to_email: p_value=1.0000, drift=False
[ 2025-09-01 15:27:28,611 ] 145 root - INFO - Column Abnormal_URL: p_value=0.9994, drift=False
[ 2025-09-01 15:27:28,612 ] 145 root - INFO - Column Redirect: p_value=1.0000, drift=False
[ 2025-09-01 15:27:28,612 ] 145 root - INFO - Column on_mouseover: p_value=1.0000, drift=False
[ 2025-09-01 15:27:28,613 ] 145 root - INFO - Column RightClick: p_value=1.0000, drift=False
[ 2025-09-01 15:27:28,614 ] 145 root - INFO - Column popUpWidnow: p_value=1.0000, drift=False
[ 2025-09-01 15:27:28,615 ] 145 root - INFO - Column Iframe: p_value=1.0000, drift=False
[ 2025-09-01 15:27:28,617 ] 145 root - INFO - Column age_of_domain: p_value=0.6771, drift=False
[ 2025-09-01 15:27:28,618 ] 145 root - INFO - Column DNSRecord: p_value=1.0000, drift=False
[ 2025-09-01 15:27:28,619 ] 145 root - INFO - Column web_traffic: p_value=0.9965, drift=False
[ 2025-09-01 15:27:28,621 ] 145 root - INFO - Column Page_Rank: p_value=0.9983, drift=False
[ 2025-09-01 15:27:28,622 ] 145 root - INFO - Column Google_Index: p_value=1.0000, drift=False
[ 2025-09-01 15:27:28,624 ] 145 root - INFO - Column Links_pointing_to_page: p_value=0.9688, drift=False
[ 2025-09-01 15:27:28,625 ] 145 root - INFO - Column Statistical_report: p_value=1.0000, drift=False
[ 2025-09-01 15:27:28,625 ] 145 root - INFO - Column Result: p_value=1.0000, drift=False
[ 2025-09-01 15:27:28,629 ] 164 root - INFO - Drift report saved to: Artifacts\09_01_2025_15_27_23\data_validation\drift_report\report.yaml
[ 2025-09-01 15:27:28,629 ] 238 root - INFO - 未检测到显著数据漂移
[ 2025-09-01 15:27:28,655 ] 259 root - INFO - 数据验证通过，文件保存到valid目录
[ 2025-09-01 15:27:28,655 ] 291 root - INFO - 数据验证流程完成
[ 2025-09-01 15:27:28,655 ] 60 root - INFO - Entered initiate_data_transformation method of DataTransformation class
[ 2025-09-01 15:27:28,655 ] 62 root - INFO - Starting data transformation
[ 2025-09-01 15:27:28,677 ] 75 root - INFO - Training data shape: (8844, 31)
[ 2025-09-01 15:27:28,677 ] 76 root - INFO - Testing data shape: (2211, 31)
[ 2025-09-01 15:27:28,677 ] 83 root - INFO - Training features shape: (8844, 30)
[ 2025-09-01 15:27:28,677 ] 84 root - INFO - Training target distribution: {1: 4926, 0: 3918}
[ 2025-09-01 15:27:28,678 ] 91 root - INFO - Testing features shape: (2211, 30)
[ 2025-09-01 15:27:28,678 ] 92 root - INFO - Testing target distribution: {1: 1231, 0: 980}
[ 2025-09-01 15:27:28,678 ] 46 root - INFO - Entered get_data_transformer_object method of DataTransformation class
[ 2025-09-01 15:27:28,678 ] 51 root - INFO - Initialised KNNImputer with {'missing_values': nan, 'n_neighbors': 3, 'weights': 'uniform'}
[ 2025-09-01 15:27:28,678 ] 98 root - INFO - Fitting preprocessor on training data
[ 2025-09-01 15:27:28,679 ] 102 root - INFO - Transforming training data
[ 2025-09-01 15:27:28,680 ] 105 root - INFO - Transforming testing data
[ 2025-09-01 15:27:28,681 ] 108 root - INFO - Transformed training data shape: (8844, 30)
[ 2025-09-01 15:27:28,681 ] 109 root - INFO - Transformed testing data shape: (2211, 30)
[ 2025-09-01 15:27:28,681 ] 115 root - INFO - Final training array shape: (8844, 31)
[ 2025-09-01 15:27:28,681 ] 116 root - INFO - Final testing array shape: (2211, 31)
[ 2025-09-01 15:27:28,682 ] 124 root - INFO - Saving transformed data arrays
[ 2025-09-01 15:27:28,683 ] 135 root - INFO - Saving preprocessor object
[ 2025-09-01 15:27:28,683 ] 46 root - INFO - Entered the save_object method of MainUtils class
[ 2025-09-01 15:27:28,684 ] 50 root - INFO - Exited the save_object method of MainUtils class
[ 2025-09-01 15:27:28,684 ] 46 root - INFO - Entered the save_object method of MainUtils class
[ 2025-09-01 15:27:28,686 ] 50 root - INFO - Exited the save_object method of MainUtils class
[ 2025-09-01 15:27:28,686 ] 149 root - INFO - Data transformation completed successfully
[ 2025-09-01 15:27:28,686 ] 158 root - INFO - Data transformation artifact created:
[ 2025-09-01 15:27:28,686 ] 159 root - INFO -   - Preprocessor: Artifacts\09_01_2025_15_27_23\data_transformation\transformed_object\preprocessing.pkl
[ 2025-09-01 15:27:28,686 ] 160 root - INFO -   - Training data: Artifacts\09_01_2025_15_27_23\data_transformation\transformed\train.npy
[ 2025-09-01 15:27:28,686 ] 161 root - INFO -   - Testing data: Artifacts\09_01_2025_15_27_23\data_transformation\transformed\test.npy
[ 2025-09-01 15:27:28,694 ] 219 root - INFO - 开始模型训练流程
[ 2025-09-01 15:27:28,694 ] 224 root - INFO - 训练数据文件: Artifacts\09_01_2025_15_27_23\data_transformation\transformed\train.npy
[ 2025-09-01 15:27:28,694 ] 225 root - INFO - 测试数据文件: Artifacts\09_01_2025_15_27_23\data_transformation\transformed\test.npy
[ 2025-09-01 15:27:28,695 ] 237 root - INFO - 训练数组形状: (8844, 31)
[ 2025-09-01 15:27:28,695 ] 238 root - INFO - 测试数组形状: (2211, 31)
[ 2025-09-01 15:27:28,695 ] 244 root - INFO - 特征维度: 30
[ 2025-09-01 15:27:28,695 ] 245 root - INFO - 训练样本数: 8844
[ 2025-09-01 15:27:28,695 ] 246 root - INFO - 测试样本数: 2211
[ 2025-09-01 15:27:28,695 ] 82 root - INFO - 开始模型训练和评估
[ 2025-09-01 15:27:28,695 ] 116 root - INFO - 训练数据形状: (8844, 30)
[ 2025-09-01 15:27:28,695 ] 117 root - INFO - 测试数据形状: (2211, 30)
[ 2025-09-01 15:27:28,695 ] 118 root - INFO - 训练标签分布: {np.int64(0): np.int64(3918), np.int64(1): np.int64(4926)}
[ 2025-09-01 15:27:28,695 ] 119 root - INFO - 测试标签分布: {np.int64(0): np.int64(980), np.int64(1): np.int64(1231)}
[ 2025-09-01 15:28:08,167 ] 128 root - INFO - 模型评估报告: {'Random Forest': {'accuracy': 0.9579375848032564, 'precision': 0.9501582278481012, 'recall': 0.9756295694557271, 'f1_score': 0.9627254509018036}, 'Decision Tree': {'accuracy': 0.947535052012664, 'precision': 0.9565929565929566, 'recall': 0.9488220958570268, 'f1_score': 0.9526916802610114}, 'Gradient Boosting': {'accuracy': 0.966078697421981, 'precision': 0.9624, 'recall': 0.9772542648253453, 'f1_score': 0.969770253929867}, 'Logistic Regression': {'accuracy': 0.9285391225689733, 'precision': 0.9234411996842936, 'recall': 0.950446791226645, 'f1_score': 0.9367493995196157}, 'AdaBoost': {'accuracy': 0.9339665309814563, 'precision': 0.9302141157811261, 'recall': 0.9528838342810723, 'f1_score': 0.9414125200642055}}
[ 2025-09-01 15:28:08,167 ] 140 root - INFO - 最佳模型: Gradient Boosting, F1分数: 0.9698
[ 2025-09-01 15:28:08,876 ] 158 root - INFO - 训练集指标 - F1: 0.9739, 精确率: 0.9700, 召回率: 0.9779
[ 2025-09-01 15:28:08,876 ] 162 root - INFO - 测试集指标 - F1: 0.9685, 精确率: 0.9623, 召回率: 0.9748
[ 2025-09-01 15:28:08,876 ] 180 root - WARNING - MLflow追踪失败: ModelTrainer.track_mlflow() takes 3 positional arguments but 4 were given
[ 2025-09-01 15:28:08,881 ] 46 root - INFO - Entered the save_object method of MainUtils class
[ 2025-09-01 15:28:08,890 ] 50 root - INFO - Exited the save_object method of MainUtils class
[ 2025-09-01 15:28:08,890 ] 46 root - INFO - Entered the save_object method of MainUtils class
[ 2025-09-01 15:28:08,891 ] 50 root - INFO - Exited the save_object method of MainUtils class
[ 2025-09-01 15:28:08,891 ] 199 root - INFO - 模型已保存到: Artifacts\09_01_2025_15_27_23\model_trainer\trained_model\model.pkl
[ 2025-09-01 15:28:08,891 ] 200 root - INFO - 模型已保存到: final_model/model.pkl
[ 2025-09-01 15:28:08,891 ] 251 root - INFO - 模型训练流程完成
[ 2025-09-01 15:28:08,891 ] 252 root - INFO - 模型训练工件: ModelTrainerArtifact(trained_model_file_path='Artifacts\\09_01_2025_15_27_23\\model_trainer\\trained_model\\model.pkl', train_metric_artifact=ClassificationMetricArtifact(f1_score=0.973918317832592, precision_score=0.9699959726137737, recall_score=0.9778725131952903), test_metric_artifact=ClassificationMetricArtifact(f1_score=0.9685230024213075, precision_score=0.9623095429029671, recall_score=0.974817221770918))
