[ 2025-08-31 23:55:20,476 ] 182 root - INFO - 开始数据摄取流程
[ 2025-08-31 23:55:20,476 ] 185 root - INFO - 从PostgreSQL数据库读取数据
[ 2025-08-31 23:55:20,476 ] 45 root - INFO - 开始从PostgreSQL读取数据: 数据库=ns, 表=NetworkData
[ 2025-08-31 23:55:20,596 ] 59 root - INFO - 使用SQLAlchemy成功读取数据: 11055 行, 33 列
[ 2025-08-31 23:55:20,597 ] 88 root - INFO - 移除了数据库ID列
[ 2025-08-31 23:55:20,597 ] 92 root - INFO - 移除了创建时间列
[ 2025-08-31 23:55:20,598 ] 97 root - INFO - 数据读取完成，最终数据形状: (11055, 31)
[ 2025-08-31 23:55:20,598 ] 98 root - INFO - 列名: ['having_IP_Address', 'URL_Length', 'Shortining_Service', 'having_At_Symbol', 'double_slash_redirecting', 'Prefix_Suffix', 'having_Sub_Domain', 'SSLfinal_State', 'Domain_registeration_length', 'Favicon', 'port', 'HTTPS_token', 'Request_URL', 'URL_of_Anchor', 'Links_in_tags', 'SFH', 'Submitting_to_email', 'Abnormal_URL', 'Redirect', 'on_mouseover', 'RightClick', 'popUpWidnow', 'Iframe', 'age_of_domain', 'DNSRecord', 'web_traffic', 'Page_Rank', 'Google_Index', 'Links_pointing_to_page', 'Statistical_report', 'Result']
[ 2025-08-31 23:55:20,598 ] 189 root - INFO - 读取数据概览:
[ 2025-08-31 23:55:20,598 ] 190 root - INFO -   - 数据形状: (11055, 31)
[ 2025-08-31 23:55:20,598 ] 191 root - INFO -   - 缺失值数量: 0
[ 2025-08-31 23:55:20,599 ] 194 root - INFO -   - 目标变量分布: {1: 6157, -1: 4898}
[ 2025-08-31 23:55:20,599 ] 197 root - INFO - 导出数据到特征存储
[ 2025-08-31 23:55:20,625 ] 124 root - INFO - 数据成功导出到特征存储: Artifacts\08_31_2025_23_55_17\data_ingestion\feature_store\phisingData.csv
[ 2025-08-31 23:55:20,625 ] 125 root - INFO - 导出数据形状: (11055, 31)
[ 2025-08-31 23:55:20,625 ] 201 root - INFO - 分割数据为训练集和测试集
[ 2025-08-31 23:55:20,625 ] 146 root - INFO - Performed train test split on the dataframe
[ 2025-08-31 23:55:20,625 ] 147 root - INFO - 训练集大小: 8844, 测试集大小: 2211
[ 2025-08-31 23:55:20,625 ] 149 root - INFO - Exited split_data_as_train_test method of Data_Ingestion class
[ 2025-08-31 23:55:20,625 ] 157 root - INFO - Exporting train and test file path.
[ 2025-08-31 23:55:20,641 ] 169 root - INFO - Exported train and test file path.
[ 2025-08-31 23:55:20,641 ] 170 root - INFO - 训练文件: Artifacts\08_31_2025_23_55_17\data_ingestion\ingested\train.csv
[ 2025-08-31 23:55:20,641 ] 171 root - INFO - 测试文件: Artifacts\08_31_2025_23_55_17\data_ingestion\ingested\test.csv
[ 2025-08-31 23:55:20,641 ] 210 root - INFO - 数据摄取流程完成
[ 2025-08-31 23:55:20,641 ] 211 root - INFO - 训练文件: Artifacts\08_31_2025_23_55_17\data_ingestion\ingested\train.csv
[ 2025-08-31 23:55:20,641 ] 212 root - INFO - 测试文件: Artifacts\08_31_2025_23_55_17\data_ingestion\ingested\test.csv
