[ 2025-09-01 15:46:30,613 ] 1025 httpx - INFO - HTTP Request: GET https://dagshub.com/api/v1/user "HTTP/1.1 200 OK"
[ 2025-09-01 15:46:30,618 ] 107 dagshub - INFO - Accessing as ISyaxinLiu
[ 2025-09-01 15:46:31,633 ] 1025 httpx - INFO - HTTP Request: GET https://dagshub.com/api/v1/repos/ISyaxinLiu/NetworkSecurity "HTTP/1.1 200 OK"
[ 2025-09-01 15:46:32,532 ] 1025 httpx - INFO - HTTP Request: GET https://dagshub.com/api/v1/user "HTTP/1.1 200 OK"
[ 2025-09-01 15:46:32,534 ] 107 dagshub - INFO - Initialized MLflow to track repo "ISyaxinLiu/NetworkSecurity"
[ 2025-09-01 15:46:32,534 ] 107 dagshub - INFO - Repository ISyaxinLiu/NetworkSecurity initialized!
[ 2025-09-01 15:46:33,707 ] 1025 httpx - INFO - HTTP Request: GET https://dagshub.com/api/v1/repos/ISyaxinLiu/NetworkSecurity "HTTP/1.1 200 OK"
[ 2025-09-01 15:46:33,710 ] 107 dagshub - INFO - Initialized MLflow to track repo "ISyaxinLiu/NetworkSecurity"
[ 2025-09-01 15:46:33,711 ] 107 dagshub - INFO - Repository ISyaxinLiu/NetworkSecurity initialized!
[ 2025-09-01 15:46:33,711 ] 63 root - INFO - DagHub和MLflow初始化成功
[ 2025-09-01 15:46:33,711 ] 84 root - INFO - === 开始数据摄取阶段 ===
[ 2025-09-01 15:46:33,711 ] 87 root - INFO - Initiate the data ingestion
[ 2025-09-01 15:46:33,711 ] 182 root - INFO - 开始数据摄取流程
[ 2025-09-01 15:46:33,711 ] 185 root - INFO - 从PostgreSQL数据库读取数据
[ 2025-09-01 15:46:33,711 ] 45 root - INFO - 开始从PostgreSQL读取数据: 数据库=ns, 表=NetworkData
[ 2025-09-01 15:46:33,825 ] 59 root - INFO - 使用SQLAlchemy成功读取数据: 11055 行, 33 列
[ 2025-09-01 15:46:33,826 ] 88 root - INFO - 移除了数据库ID列
[ 2025-09-01 15:46:33,826 ] 92 root - INFO - 移除了创建时间列
[ 2025-09-01 15:46:33,826 ] 97 root - INFO - 数据读取完成，最终数据形状: (11055, 31)
[ 2025-09-01 15:46:33,826 ] 98 root - INFO - 列名: ['having_IP_Address', 'URL_Length', 'Shortining_Service', 'having_At_Symbol', 'double_slash_redirecting', 'Prefix_Suffix', 'having_Sub_Domain', 'SSLfinal_State', 'Domain_registeration_length', 'Favicon', 'port', 'HTTPS_token', 'Request_URL', 'URL_of_Anchor', 'Links_in_tags', 'SFH', 'Submitting_to_email', 'Abnormal_URL', 'Redirect', 'on_mouseover', 'RightClick', 'popUpWidnow', 'Iframe', 'age_of_domain', 'DNSRecord', 'web_traffic', 'Page_Rank', 'Google_Index', 'Links_pointing_to_page', 'Statistical_report', 'Result']
[ 2025-09-01 15:46:33,826 ] 189 root - INFO - 读取数据概览:
[ 2025-09-01 15:46:33,826 ] 190 root - INFO -   - 数据形状: (11055, 31)
[ 2025-09-01 15:46:33,826 ] 191 root - INFO -   - 缺失值数量: 0
[ 2025-09-01 15:46:33,826 ] 194 root - INFO -   - 目标变量分布: {1: 6157, -1: 4898}
[ 2025-09-01 15:46:33,826 ] 197 root - INFO - 导出数据到特征存储
[ 2025-09-01 15:46:33,853 ] 124 root - INFO - 数据成功导出到特征存储: Artifacts\09_01_2025_15_46_28\data_ingestion\feature_store\phisingData.csv
[ 2025-09-01 15:46:33,853 ] 125 root - INFO - 导出数据形状: (11055, 31)
[ 2025-09-01 15:46:33,853 ] 201 root - INFO - 分割数据为训练集和测试集
[ 2025-09-01 15:46:33,855 ] 146 root - INFO - Performed train test split on the dataframe
[ 2025-09-01 15:46:33,855 ] 147 root - INFO - 训练集大小: 8844, 测试集大小: 2211
[ 2025-09-01 15:46:33,855 ] 149 root - INFO - Exited split_data_as_train_test method of Data_Ingestion class
[ 2025-09-01 15:46:33,855 ] 157 root - INFO - Exporting train and test file path.
[ 2025-09-01 15:46:33,879 ] 169 root - INFO - Exported train and test file path.
[ 2025-09-01 15:46:33,879 ] 170 root - INFO - 训练文件: Artifacts\09_01_2025_15_46_28\data_ingestion\ingested\train.csv
[ 2025-09-01 15:46:33,879 ] 171 root - INFO - 测试文件: Artifacts\09_01_2025_15_46_28\data_ingestion\ingested\test.csv
[ 2025-09-01 15:46:33,879 ] 210 root - INFO - 数据摄取流程完成
[ 2025-09-01 15:46:33,879 ] 211 root - INFO - 训练文件: Artifacts\09_01_2025_15_46_28\data_ingestion\ingested\train.csv
[ 2025-09-01 15:46:33,879 ] 212 root - INFO - 测试文件: Artifacts\09_01_2025_15_46_28\data_ingestion\ingested\test.csv
[ 2025-09-01 15:46:33,879 ] 89 root - INFO - Data Initiation Completed
[ 2025-09-01 15:46:33,884 ] 93 root - INFO - === 开始数据验证阶段 ===
[ 2025-09-01 15:46:33,886 ] 96 root - INFO - Initiate the data Validation
[ 2025-09-01 15:46:33,886 ] 182 root - INFO - 开始数据验证流程
[ 2025-09-01 15:46:33,886 ] 183 root - INFO - 训练文件: Artifacts\09_01_2025_15_46_28\data_ingestion\ingested\train.csv
[ 2025-09-01 15:46:33,886 ] 184 root - INFO - 测试文件: Artifacts\09_01_2025_15_46_28\data_ingestion\ingested\test.csv
[ 2025-09-01 15:46:33,911 ] 190 root - INFO - 训练数据形状: (8844, 31)
[ 2025-09-01 15:46:33,911 ] 191 root - INFO - 测试数据形状: (2211, 31)
[ 2025-09-01 15:46:33,911 ] 44 root - INFO - Required number of columns: 31
[ 2025-09-01 15:46:33,911 ] 45 root - INFO - Data frame has columns: 31
[ 2025-09-01 15:46:33,911 ] 46 root - INFO - Data frame columns: ['having_IP_Address', 'URL_Length', 'Shortining_Service', 'having_At_Symbol', 'double_slash_redirecting', 'Prefix_Suffix', 'having_Sub_Domain', 'SSLfinal_State', 'Domain_registeration_length', 'Favicon', 'port', 'HTTPS_token', 'Request_URL', 'URL_of_Anchor', 'Links_in_tags', 'SFH', 'Submitting_to_email', 'Abnormal_URL', 'Redirect', 'on_mouseover', 'RightClick', 'popUpWidnow', 'Iframe', 'age_of_domain', 'DNSRecord', 'web_traffic', 'Page_Rank', 'Google_Index', 'Links_pointing_to_page', 'Statistical_report', 'Result']
[ 2025-09-01 15:46:33,911 ] 44 root - INFO - Required number of columns: 31
[ 2025-09-01 15:46:33,911 ] 45 root - INFO - Data frame has columns: 31
[ 2025-09-01 15:46:33,911 ] 46 root - INFO - Data frame columns: ['having_IP_Address', 'URL_Length', 'Shortining_Service', 'having_At_Symbol', 'double_slash_redirecting', 'Prefix_Suffix', 'having_Sub_Domain', 'SSLfinal_State', 'Domain_registeration_length', 'Favicon', 'port', 'HTTPS_token', 'Request_URL', 'URL_of_Anchor', 'Links_in_tags', 'SFH', 'Submitting_to_email', 'Abnormal_URL', 'Redirect', 'on_mouseover', 'RightClick', 'popUpWidnow', 'Iframe', 'age_of_domain', 'DNSRecord', 'web_traffic', 'Page_Rank', 'Google_Index', 'Links_pointing_to_page', 'Statistical_report', 'Result']
[ 2025-09-01 15:46:33,911 ] 82 root - INFO - 所有数值列验证通过
[ 2025-09-01 15:46:33,911 ] 82 root - INFO - 所有数值列验证通过
[ 2025-09-01 15:46:33,911 ] 108 root - INFO - Target column validation passed. Values: [-1  1]
[ 2025-09-01 15:46:33,911 ] 108 root - INFO - Target column validation passed. Values: [-1  1]
[ 2025-09-01 15:46:33,911 ] 232 root - INFO - 开始检测数据漂移
[ 2025-09-01 15:46:33,915 ] 145 root - INFO - Column having_IP_Address: p_value=0.9903, drift=False
[ 2025-09-01 15:46:33,916 ] 145 root - INFO - Column URL_Length: p_value=1.0000, drift=False
[ 2025-09-01 15:46:33,917 ] 145 root - INFO - Column Shortining_Service: p_value=1.0000, drift=False
[ 2025-09-01 15:46:33,918 ] 145 root - INFO - Column having_At_Symbol: p_value=1.0000, drift=False
[ 2025-09-01 15:46:33,919 ] 145 root - INFO - Column double_slash_redirecting: p_value=1.0000, drift=False
[ 2025-09-01 15:46:33,919 ] 145 root - INFO - Column Prefix_Suffix: p_value=1.0000, drift=False
[ 2025-09-01 15:46:33,923 ] 145 root - INFO - Column having_Sub_Domain: p_value=0.2003, drift=False
[ 2025-09-01 15:46:33,925 ] 145 root - INFO - Column SSLfinal_State: p_value=0.9715, drift=False
[ 2025-09-01 15:46:33,927 ] 145 root - INFO - Column Domain_registeration_length: p_value=1.0000, drift=False
[ 2025-09-01 15:46:33,927 ] 145 root - INFO - Column Favicon: p_value=1.0000, drift=False
[ 2025-09-01 15:46:33,928 ] 145 root - INFO - Column port: p_value=1.0000, drift=False
[ 2025-09-01 15:46:33,930 ] 145 root - INFO - Column HTTPS_token: p_value=0.9988, drift=False
[ 2025-09-01 15:46:33,930 ] 145 root - INFO - Column Request_URL: p_value=1.0000, drift=False
[ 2025-09-01 15:46:33,932 ] 145 root - INFO - Column URL_of_Anchor: p_value=1.0000, drift=False
[ 2025-09-01 15:46:33,933 ] 145 root - INFO - Column Links_in_tags: p_value=1.0000, drift=False
[ 2025-09-01 15:46:33,936 ] 145 root - INFO - Column SFH: p_value=0.9786, drift=False
[ 2025-09-01 15:46:33,936 ] 145 root - INFO - Column Submitting_to_email: p_value=1.0000, drift=False
[ 2025-09-01 15:46:33,938 ] 145 root - INFO - Column Abnormal_URL: p_value=0.9994, drift=False
[ 2025-09-01 15:46:33,939 ] 145 root - INFO - Column Redirect: p_value=1.0000, drift=False
[ 2025-09-01 15:46:33,939 ] 145 root - INFO - Column on_mouseover: p_value=1.0000, drift=False
[ 2025-09-01 15:46:33,940 ] 145 root - INFO - Column RightClick: p_value=1.0000, drift=False
[ 2025-09-01 15:46:33,941 ] 145 root - INFO - Column popUpWidnow: p_value=1.0000, drift=False
[ 2025-09-01 15:46:33,942 ] 145 root - INFO - Column Iframe: p_value=1.0000, drift=False
[ 2025-09-01 15:46:33,944 ] 145 root - INFO - Column age_of_domain: p_value=0.6771, drift=False
[ 2025-09-01 15:46:33,944 ] 145 root - INFO - Column DNSRecord: p_value=1.0000, drift=False
[ 2025-09-01 15:46:33,946 ] 145 root - INFO - Column web_traffic: p_value=0.9965, drift=False
[ 2025-09-01 15:46:33,947 ] 145 root - INFO - Column Page_Rank: p_value=0.9983, drift=False
[ 2025-09-01 15:46:33,948 ] 145 root - INFO - Column Google_Index: p_value=1.0000, drift=False
[ 2025-09-01 15:46:33,949 ] 145 root - INFO - Column Links_pointing_to_page: p_value=0.9688, drift=False
[ 2025-09-01 15:46:33,949 ] 145 root - INFO - Column Statistical_report: p_value=1.0000, drift=False
[ 2025-09-01 15:46:33,949 ] 145 root - INFO - Column Result: p_value=1.0000, drift=False
[ 2025-09-01 15:46:33,955 ] 164 root - INFO - Drift report saved to: Artifacts\09_01_2025_15_46_28\data_validation\drift_report\report.yaml
[ 2025-09-01 15:46:33,955 ] 238 root - INFO - 未检测到显著数据漂移
[ 2025-09-01 15:46:33,979 ] 259 root - INFO - 数据验证通过，文件保存到valid目录
[ 2025-09-01 15:46:33,979 ] 291 root - INFO - 数据验证流程完成
[ 2025-09-01 15:46:33,979 ] 98 root - INFO - data Validation Completed
[ 2025-09-01 15:46:33,979 ] 106 root - INFO - === 开始数据转换阶段 ===
[ 2025-09-01 15:46:33,979 ] 108 root - INFO - data Transformation started
[ 2025-09-01 15:46:33,979 ] 60 root - INFO - Entered initiate_data_transformation method of DataTransformation class
[ 2025-09-01 15:46:33,979 ] 62 root - INFO - Starting data transformation
[ 2025-09-01 15:46:33,995 ] 75 root - INFO - Training data shape: (8844, 31)
[ 2025-09-01 15:46:33,995 ] 76 root - INFO - Testing data shape: (2211, 31)
[ 2025-09-01 15:46:34,003 ] 83 root - INFO - Training features shape: (8844, 30)
[ 2025-09-01 15:46:34,003 ] 84 root - INFO - Training target distribution: {1: 4926, 0: 3918}
[ 2025-09-01 15:46:34,003 ] 91 root - INFO - Testing features shape: (2211, 30)
[ 2025-09-01 15:46:34,003 ] 92 root - INFO - Testing target distribution: {1: 1231, 0: 980}
[ 2025-09-01 15:46:34,003 ] 46 root - INFO - Entered get_data_transformer_object method of DataTransformation class
[ 2025-09-01 15:46:34,003 ] 51 root - INFO - Initialised KNNImputer with {'missing_values': nan, 'n_neighbors': 3, 'weights': 'uniform'}
[ 2025-09-01 15:46:34,003 ] 98 root - INFO - Fitting preprocessor on training data
[ 2025-09-01 15:46:34,005 ] 102 root - INFO - Transforming training data
[ 2025-09-01 15:46:34,006 ] 105 root - INFO - Transforming testing data
[ 2025-09-01 15:46:34,006 ] 108 root - INFO - Transformed training data shape: (8844, 30)
[ 2025-09-01 15:46:34,007 ] 109 root - INFO - Transformed testing data shape: (2211, 30)
[ 2025-09-01 15:46:34,007 ] 115 root - INFO - Final training array shape: (8844, 31)
[ 2025-09-01 15:46:34,007 ] 116 root - INFO - Final testing array shape: (2211, 31)
[ 2025-09-01 15:46:34,007 ] 124 root - INFO - Saving transformed data arrays
[ 2025-09-01 15:46:34,009 ] 135 root - INFO - Saving preprocessor object
[ 2025-09-01 15:46:34,009 ] 46 root - INFO - Entered the save_object method of MainUtils class
[ 2025-09-01 15:46:34,009 ] 50 root - INFO - Exited the save_object method of MainUtils class
[ 2025-09-01 15:46:34,009 ] 46 root - INFO - Entered the save_object method of MainUtils class
[ 2025-09-01 15:46:34,009 ] 50 root - INFO - Exited the save_object method of MainUtils class
[ 2025-09-01 15:46:34,009 ] 149 root - INFO - Data transformation completed successfully
[ 2025-09-01 15:46:34,009 ] 158 root - INFO - Data transformation artifact created:
[ 2025-09-01 15:46:34,009 ] 159 root - INFO -   - Preprocessor: Artifacts\09_01_2025_15_46_28\data_transformation\transformed_object\preprocessing.pkl
[ 2025-09-01 15:46:34,009 ] 160 root - INFO -   - Training data: Artifacts\09_01_2025_15_46_28\data_transformation\transformed\train.npy
[ 2025-09-01 15:46:34,009 ] 161 root - INFO -   - Testing data: Artifacts\09_01_2025_15_46_28\data_transformation\transformed\test.npy
[ 2025-09-01 15:46:34,009 ] 112 root - INFO - data Transformation completed
[ 2025-09-01 15:46:34,009 ] 115 root - INFO - === 开始模型训练阶段 ===
[ 2025-09-01 15:46:34,009 ] 215 root - INFO - 开始模型训练流程
[ 2025-09-01 15:46:34,009 ] 220 root - INFO - 训练数据文件: Artifacts\09_01_2025_15_46_28\data_transformation\transformed\train.npy
[ 2025-09-01 15:46:34,009 ] 221 root - INFO - 测试数据文件: Artifacts\09_01_2025_15_46_28\data_transformation\transformed\test.npy
[ 2025-09-01 15:46:34,016 ] 233 root - INFO - 训练数组形状: (8844, 31)
[ 2025-09-01 15:46:34,016 ] 234 root - INFO - 测试数组形状: (2211, 31)
[ 2025-09-01 15:46:34,016 ] 240 root - INFO - 特征维度: 30
[ 2025-09-01 15:46:34,016 ] 241 root - INFO - 训练样本数: 8844
[ 2025-09-01 15:46:34,016 ] 242 root - INFO - 测试样本数: 2211
[ 2025-09-01 15:46:34,016 ] 78 root - INFO - 开始模型训练和评估
[ 2025-09-01 15:46:34,016 ] 112 root - INFO - 训练数据形状: (8844, 30)
[ 2025-09-01 15:46:34,016 ] 113 root - INFO - 测试数据形状: (2211, 30)
[ 2025-09-01 15:46:34,016 ] 114 root - INFO - 训练标签分布: {np.int64(0): np.int64(3918), np.int64(1): np.int64(4926)}
[ 2025-09-01 15:46:34,016 ] 115 root - INFO - 测试标签分布: {np.int64(0): np.int64(980), np.int64(1): np.int64(1231)}
[ 2025-09-01 15:47:13,108 ] 124 root - INFO - 模型评估报告: {'Random Forest': {'accuracy': 0.9561284486657621, 'precision': 0.945054945054945, 'recall': 0.9780666125101544, 'f1_score': 0.9612774451097804}, 'Decision Tree': {'accuracy': 0.947535052012664, 'precision': 0.9565929565929566, 'recall': 0.9488220958570268, 'f1_score': 0.9526916802610114}, 'Gradient Boosting': {'accuracy': 0.9665309814563546, 'precision': 0.9624300559552358, 'recall': 0.9780666125101544, 'f1_score': 0.9701853344077357}, 'Logistic Regression': {'accuracy': 0.9285391225689733, 'precision': 0.9234411996842936, 'recall': 0.950446791226645, 'f1_score': 0.9367493995196157}, 'AdaBoost': {'accuracy': 0.9339665309814563, 'precision': 0.9302141157811261, 'recall': 0.9528838342810723, 'f1_score': 0.9414125200642055}}
[ 2025-09-01 15:47:13,108 ] 136 root - INFO - 最佳模型: Gradient Boosting, F1分数: 0.9702
[ 2025-09-01 15:47:13,891 ] 154 root - INFO - 训练集指标 - F1: 0.9747, 精确率: 0.9723, 召回率: 0.9771
[ 2025-09-01 15:47:13,891 ] 158 root - INFO - 测试集指标 - F1: 0.9701, 精确率: 0.9647, 召回率: 0.9756
[ 2025-09-01 15:47:13,891 ] 176 root - WARNING - MLflow追踪失败: ModelTrainer.track_mlflow() takes 3 positional arguments but 4 were given
[ 2025-09-01 15:47:13,898 ] 46 root - INFO - Entered the save_object method of MainUtils class
[ 2025-09-01 15:47:13,901 ] 50 root - INFO - Exited the save_object method of MainUtils class
[ 2025-09-01 15:47:13,901 ] 46 root - INFO - Entered the save_object method of MainUtils class
[ 2025-09-01 15:47:13,904 ] 50 root - INFO - Exited the save_object method of MainUtils class
[ 2025-09-01 15:47:13,904 ] 195 root - INFO - 模型已保存到: Artifacts\09_01_2025_15_46_28\model_trainer\trained_model\model.pkl
[ 2025-09-01 15:47:13,904 ] 196 root - INFO - 模型已保存到: final_model/model.pkl
[ 2025-09-01 15:47:13,905 ] 247 root - INFO - 模型训练流程完成
[ 2025-09-01 15:47:13,905 ] 248 root - INFO - 模型训练工件: ModelTrainerArtifact(trained_model_file_path='Artifacts\\09_01_2025_15_46_28\\model_trainer\\trained_model\\model.pkl', train_metric_artifact=ClassificationMetricArtifact(f1_score=0.9746861077359255, precision_score=0.9723232323232324, recall_score=0.9770604953308972), test_metric_artifact=ClassificationMetricArtifact(f1_score=0.970113085621971, precision_score=0.9646586345381526, recall_score=0.9756295694557271))
[ 2025-09-01 15:47:13,905 ] 126 root - INFO - Model Training artifact created
