[ 2025-09-01 15:56:51,043 ] 1025 httpx - INFO - HTTP Request: GET https://dagshub.com/api/v1/user "HTTP/1.1 200 OK"
[ 2025-09-01 15:56:51,047 ] 107 dagshub - INFO - Accessing as ISyaxinLiu
[ 2025-09-01 15:56:52,591 ] 1025 httpx - INFO - HTTP Request: GET https://dagshub.com/api/v1/repos/ISyaxinLiu/NetworkSecurity "HTTP/1.1 200 OK"
[ 2025-09-01 15:56:53,485 ] 1025 httpx - INFO - HTTP Request: GET https://dagshub.com/api/v1/user "HTTP/1.1 200 OK"
[ 2025-09-01 15:56:53,487 ] 107 dagshub - INFO - Initialized MLflow to track repo "ISyaxinLiu/NetworkSecurity"
[ 2025-09-01 15:56:53,487 ] 107 dagshub - INFO - Repository ISyaxinLiu/NetworkSecurity initialized!
[ 2025-09-01 15:56:54,920 ] 1025 httpx - INFO - HTTP Request: GET https://dagshub.com/api/v1/repos/ISyaxinLiu/NetworkSecurity "HTTP/1.1 200 OK"
[ 2025-09-01 15:56:54,926 ] 107 dagshub - INFO - Initialized MLflow to track repo "ISyaxinLiu/NetworkSecurity"
[ 2025-09-01 15:56:54,926 ] 107 dagshub - INFO - Repository ISyaxinLiu/NetworkSecurity initialized!
[ 2025-09-01 15:56:54,926 ] 63 root - INFO - DagHub和MLflow初始化成功
[ 2025-09-01 15:56:54,926 ] 84 root - INFO - === 开始数据摄取阶段 ===
[ 2025-09-01 15:56:54,926 ] 87 root - INFO - Initiate the data ingestion
[ 2025-09-01 15:56:54,926 ] 182 root - INFO - 开始数据摄取流程
[ 2025-09-01 15:56:54,926 ] 185 root - INFO - 从PostgreSQL数据库读取数据
[ 2025-09-01 15:56:54,927 ] 45 root - INFO - 开始从PostgreSQL读取数据: 数据库=ns, 表=NetworkData
[ 2025-09-01 15:56:55,029 ] 59 root - INFO - 使用SQLAlchemy成功读取数据: 11055 行, 33 列
[ 2025-09-01 15:56:55,034 ] 88 root - INFO - 移除了数据库ID列
[ 2025-09-01 15:56:55,034 ] 92 root - INFO - 移除了创建时间列
[ 2025-09-01 15:56:55,034 ] 97 root - INFO - 数据读取完成，最终数据形状: (11055, 31)
[ 2025-09-01 15:56:55,034 ] 98 root - INFO - 列名: ['having_IP_Address', 'URL_Length', 'Shortining_Service', 'having_At_Symbol', 'double_slash_redirecting', 'Prefix_Suffix', 'having_Sub_Domain', 'SSLfinal_State', 'Domain_registeration_length', 'Favicon', 'port', 'HTTPS_token', 'Request_URL', 'URL_of_Anchor', 'Links_in_tags', 'SFH', 'Submitting_to_email', 'Abnormal_URL', 'Redirect', 'on_mouseover', 'RightClick', 'popUpWidnow', 'Iframe', 'age_of_domain', 'DNSRecord', 'web_traffic', 'Page_Rank', 'Google_Index', 'Links_pointing_to_page', 'Statistical_report', 'Result']
[ 2025-09-01 15:56:55,034 ] 189 root - INFO - 读取数据概览:
[ 2025-09-01 15:56:55,034 ] 190 root - INFO -   - 数据形状: (11055, 31)
[ 2025-09-01 15:56:55,034 ] 191 root - INFO -   - 缺失值数量: 0
[ 2025-09-01 15:56:55,034 ] 194 root - INFO -   - 目标变量分布: {1: 6157, -1: 4898}
[ 2025-09-01 15:56:55,034 ] 197 root - INFO - 导出数据到特征存储
[ 2025-09-01 15:56:55,060 ] 124 root - INFO - 数据成功导出到特征存储: Artifacts\09_01_2025_15_56_49\data_ingestion\feature_store\phisingData.csv
[ 2025-09-01 15:56:55,060 ] 125 root - INFO - 导出数据形状: (11055, 31)
[ 2025-09-01 15:56:55,060 ] 201 root - INFO - 分割数据为训练集和测试集
[ 2025-09-01 15:56:55,062 ] 146 root - INFO - Performed train test split on the dataframe
[ 2025-09-01 15:56:55,062 ] 147 root - INFO - 训练集大小: 8844, 测试集大小: 2211
[ 2025-09-01 15:56:55,062 ] 149 root - INFO - Exited split_data_as_train_test method of Data_Ingestion class
[ 2025-09-01 15:56:55,062 ] 157 root - INFO - Exporting train and test file path.
[ 2025-09-01 15:56:55,085 ] 169 root - INFO - Exported train and test file path.
[ 2025-09-01 15:56:55,085 ] 170 root - INFO - 训练文件: Artifacts\09_01_2025_15_56_49\data_ingestion\ingested\train.csv
[ 2025-09-01 15:56:55,085 ] 171 root - INFO - 测试文件: Artifacts\09_01_2025_15_56_49\data_ingestion\ingested\test.csv
[ 2025-09-01 15:56:55,085 ] 210 root - INFO - 数据摄取流程完成
[ 2025-09-01 15:56:55,085 ] 211 root - INFO - 训练文件: Artifacts\09_01_2025_15_56_49\data_ingestion\ingested\train.csv
[ 2025-09-01 15:56:55,085 ] 212 root - INFO - 测试文件: Artifacts\09_01_2025_15_56_49\data_ingestion\ingested\test.csv
[ 2025-09-01 15:56:55,085 ] 89 root - INFO - Data Initiation Completed
[ 2025-09-01 15:56:55,089 ] 93 root - INFO - === 开始数据验证阶段 ===
[ 2025-09-01 15:56:55,090 ] 96 root - INFO - Initiate the data Validation
[ 2025-09-01 15:56:55,090 ] 182 root - INFO - 开始数据验证流程
[ 2025-09-01 15:56:55,090 ] 183 root - INFO - 训练文件: Artifacts\09_01_2025_15_56_49\data_ingestion\ingested\train.csv
[ 2025-09-01 15:56:55,090 ] 184 root - INFO - 测试文件: Artifacts\09_01_2025_15_56_49\data_ingestion\ingested\test.csv
[ 2025-09-01 15:56:55,117 ] 190 root - INFO - 训练数据形状: (8844, 31)
[ 2025-09-01 15:56:55,117 ] 191 root - INFO - 测试数据形状: (2211, 31)
[ 2025-09-01 15:56:55,117 ] 44 root - INFO - Required number of columns: 31
[ 2025-09-01 15:56:55,117 ] 45 root - INFO - Data frame has columns: 31
[ 2025-09-01 15:56:55,117 ] 46 root - INFO - Data frame columns: ['having_IP_Address', 'URL_Length', 'Shortining_Service', 'having_At_Symbol', 'double_slash_redirecting', 'Prefix_Suffix', 'having_Sub_Domain', 'SSLfinal_State', 'Domain_registeration_length', 'Favicon', 'port', 'HTTPS_token', 'Request_URL', 'URL_of_Anchor', 'Links_in_tags', 'SFH', 'Submitting_to_email', 'Abnormal_URL', 'Redirect', 'on_mouseover', 'RightClick', 'popUpWidnow', 'Iframe', 'age_of_domain', 'DNSRecord', 'web_traffic', 'Page_Rank', 'Google_Index', 'Links_pointing_to_page', 'Statistical_report', 'Result']
[ 2025-09-01 15:56:55,117 ] 44 root - INFO - Required number of columns: 31
[ 2025-09-01 15:56:55,117 ] 45 root - INFO - Data frame has columns: 31
[ 2025-09-01 15:56:55,117 ] 46 root - INFO - Data frame columns: ['having_IP_Address', 'URL_Length', 'Shortining_Service', 'having_At_Symbol', 'double_slash_redirecting', 'Prefix_Suffix', 'having_Sub_Domain', 'SSLfinal_State', 'Domain_registeration_length', 'Favicon', 'port', 'HTTPS_token', 'Request_URL', 'URL_of_Anchor', 'Links_in_tags', 'SFH', 'Submitting_to_email', 'Abnormal_URL', 'Redirect', 'on_mouseover', 'RightClick', 'popUpWidnow', 'Iframe', 'age_of_domain', 'DNSRecord', 'web_traffic', 'Page_Rank', 'Google_Index', 'Links_pointing_to_page', 'Statistical_report', 'Result']
[ 2025-09-01 15:56:55,117 ] 82 root - INFO - 所有数值列验证通过
[ 2025-09-01 15:56:55,117 ] 82 root - INFO - 所有数值列验证通过
[ 2025-09-01 15:56:55,119 ] 108 root - INFO - Target column validation passed. Values: [-1  1]
[ 2025-09-01 15:56:55,119 ] 108 root - INFO - Target column validation passed. Values: [-1  1]
[ 2025-09-01 15:56:55,119 ] 232 root - INFO - 开始检测数据漂移
[ 2025-09-01 15:56:55,119 ] 145 root - INFO - Column having_IP_Address: p_value=0.9903, drift=False
[ 2025-09-01 15:56:55,122 ] 145 root - INFO - Column URL_Length: p_value=1.0000, drift=False
[ 2025-09-01 15:56:55,122 ] 145 root - INFO - Column Shortining_Service: p_value=1.0000, drift=False
[ 2025-09-01 15:56:55,122 ] 145 root - INFO - Column having_At_Symbol: p_value=1.0000, drift=False
[ 2025-09-01 15:56:55,122 ] 145 root - INFO - Column double_slash_redirecting: p_value=1.0000, drift=False
[ 2025-09-01 15:56:55,122 ] 145 root - INFO - Column Prefix_Suffix: p_value=1.0000, drift=False
[ 2025-09-01 15:56:55,128 ] 145 root - INFO - Column having_Sub_Domain: p_value=0.2003, drift=False
[ 2025-09-01 15:56:55,130 ] 145 root - INFO - Column SSLfinal_State: p_value=0.9715, drift=False
[ 2025-09-01 15:56:55,131 ] 145 root - INFO - Column Domain_registeration_length: p_value=1.0000, drift=False
[ 2025-09-01 15:56:55,132 ] 145 root - INFO - Column Favicon: p_value=1.0000, drift=False
[ 2025-09-01 15:56:55,133 ] 145 root - INFO - Column port: p_value=1.0000, drift=False
[ 2025-09-01 15:56:55,134 ] 145 root - INFO - Column HTTPS_token: p_value=0.9988, drift=False
[ 2025-09-01 15:56:55,135 ] 145 root - INFO - Column Request_URL: p_value=1.0000, drift=False
[ 2025-09-01 15:56:55,137 ] 145 root - INFO - Column URL_of_Anchor: p_value=1.0000, drift=False
[ 2025-09-01 15:56:55,138 ] 145 root - INFO - Column Links_in_tags: p_value=1.0000, drift=False
[ 2025-09-01 15:56:55,139 ] 145 root - INFO - Column SFH: p_value=0.9786, drift=False
[ 2025-09-01 15:56:55,140 ] 145 root - INFO - Column Submitting_to_email: p_value=1.0000, drift=False
[ 2025-09-01 15:56:55,141 ] 145 root - INFO - Column Abnormal_URL: p_value=0.9994, drift=False
[ 2025-09-01 15:56:55,142 ] 145 root - INFO - Column Redirect: p_value=1.0000, drift=False
[ 2025-09-01 15:56:55,143 ] 145 root - INFO - Column on_mouseover: p_value=1.0000, drift=False
[ 2025-09-01 15:56:55,143 ] 145 root - INFO - Column RightClick: p_value=1.0000, drift=False
[ 2025-09-01 15:56:55,145 ] 145 root - INFO - Column popUpWidnow: p_value=1.0000, drift=False
[ 2025-09-01 15:56:55,146 ] 145 root - INFO - Column Iframe: p_value=1.0000, drift=False
[ 2025-09-01 15:56:55,149 ] 145 root - INFO - Column age_of_domain: p_value=0.6771, drift=False
[ 2025-09-01 15:56:55,150 ] 145 root - INFO - Column DNSRecord: p_value=1.0000, drift=False
[ 2025-09-01 15:56:55,151 ] 145 root - INFO - Column web_traffic: p_value=0.9965, drift=False
[ 2025-09-01 15:56:55,153 ] 145 root - INFO - Column Page_Rank: p_value=0.9983, drift=False
[ 2025-09-01 15:56:55,153 ] 145 root - INFO - Column Google_Index: p_value=1.0000, drift=False
[ 2025-09-01 15:56:55,155 ] 145 root - INFO - Column Links_pointing_to_page: p_value=0.9688, drift=False
[ 2025-09-01 15:56:55,156 ] 145 root - INFO - Column Statistical_report: p_value=1.0000, drift=False
[ 2025-09-01 15:56:55,156 ] 145 root - INFO - Column Result: p_value=1.0000, drift=False
[ 2025-09-01 15:56:55,160 ] 164 root - INFO - Drift report saved to: Artifacts\09_01_2025_15_56_49\data_validation\drift_report\report.yaml
[ 2025-09-01 15:56:55,160 ] 238 root - INFO - 未检测到显著数据漂移
[ 2025-09-01 15:56:55,183 ] 259 root - INFO - 数据验证通过，文件保存到valid目录
[ 2025-09-01 15:56:55,183 ] 291 root - INFO - 数据验证流程完成
[ 2025-09-01 15:56:55,183 ] 98 root - INFO - data Validation Completed
[ 2025-09-01 15:56:55,183 ] 106 root - INFO - === 开始数据转换阶段 ===
[ 2025-09-01 15:56:55,183 ] 108 root - INFO - data Transformation started
[ 2025-09-01 15:56:55,183 ] 60 root - INFO - Entered initiate_data_transformation method of DataTransformation class
[ 2025-09-01 15:56:55,183 ] 62 root - INFO - Starting data transformation
[ 2025-09-01 15:56:55,209 ] 75 root - INFO - Training data shape: (8844, 31)
[ 2025-09-01 15:56:55,209 ] 76 root - INFO - Testing data shape: (2211, 31)
[ 2025-09-01 15:56:55,209 ] 83 root - INFO - Training features shape: (8844, 30)
[ 2025-09-01 15:56:55,210 ] 84 root - INFO - Training target distribution: {1: 4926, 0: 3918}
[ 2025-09-01 15:56:55,210 ] 91 root - INFO - Testing features shape: (2211, 30)
[ 2025-09-01 15:56:55,210 ] 92 root - INFO - Testing target distribution: {1: 1231, 0: 980}
[ 2025-09-01 15:56:55,210 ] 46 root - INFO - Entered get_data_transformer_object method of DataTransformation class
[ 2025-09-01 15:56:55,210 ] 51 root - INFO - Initialised KNNImputer with {'missing_values': nan, 'n_neighbors': 3, 'weights': 'uniform'}
[ 2025-09-01 15:56:55,210 ] 98 root - INFO - Fitting preprocessor on training data
[ 2025-09-01 15:56:55,210 ] 102 root - INFO - Transforming training data
[ 2025-09-01 15:56:55,213 ] 105 root - INFO - Transforming testing data
[ 2025-09-01 15:56:55,213 ] 108 root - INFO - Transformed training data shape: (8844, 30)
[ 2025-09-01 15:56:55,213 ] 109 root - INFO - Transformed testing data shape: (2211, 30)
[ 2025-09-01 15:56:55,213 ] 115 root - INFO - Final training array shape: (8844, 31)
[ 2025-09-01 15:56:55,213 ] 116 root - INFO - Final testing array shape: (2211, 31)
[ 2025-09-01 15:56:55,213 ] 124 root - INFO - Saving transformed data arrays
[ 2025-09-01 15:56:55,213 ] 135 root - INFO - Saving preprocessor object
[ 2025-09-01 15:56:55,213 ] 46 root - INFO - Entered the save_object method of MainUtils class
[ 2025-09-01 15:56:55,217 ] 50 root - INFO - Exited the save_object method of MainUtils class
[ 2025-09-01 15:56:55,217 ] 46 root - INFO - Entered the save_object method of MainUtils class
[ 2025-09-01 15:56:55,217 ] 50 root - INFO - Exited the save_object method of MainUtils class
[ 2025-09-01 15:56:55,217 ] 149 root - INFO - Data transformation completed successfully
[ 2025-09-01 15:56:55,217 ] 158 root - INFO - Data transformation artifact created:
[ 2025-09-01 15:56:55,217 ] 159 root - INFO -   - Preprocessor: Artifacts\09_01_2025_15_56_49\data_transformation\transformed_object\preprocessing.pkl
[ 2025-09-01 15:56:55,217 ] 160 root - INFO -   - Training data: Artifacts\09_01_2025_15_56_49\data_transformation\transformed\train.npy
[ 2025-09-01 15:56:55,217 ] 161 root - INFO -   - Testing data: Artifacts\09_01_2025_15_56_49\data_transformation\transformed\test.npy
[ 2025-09-01 15:56:55,217 ] 112 root - INFO - data Transformation completed
[ 2025-09-01 15:56:55,217 ] 115 root - INFO - === 开始模型训练阶段 ===
[ 2025-09-01 15:56:55,219 ] 281 root - INFO - 开始模型训练流程
[ 2025-09-01 15:56:55,219 ] 286 root - INFO - 训练数据文件: Artifacts\09_01_2025_15_56_49\data_transformation\transformed\train.npy
[ 2025-09-01 15:56:55,219 ] 287 root - INFO - 测试数据文件: Artifacts\09_01_2025_15_56_49\data_transformation\transformed\test.npy
[ 2025-09-01 15:56:55,226 ] 299 root - INFO - 训练数组形状: (8844, 31)
[ 2025-09-01 15:56:55,226 ] 300 root - INFO - 测试数组形状: (2211, 31)
[ 2025-09-01 15:56:55,226 ] 306 root - INFO - 特征维度: 30
[ 2025-09-01 15:56:55,226 ] 307 root - INFO - 训练样本数: 8844
[ 2025-09-01 15:56:55,226 ] 308 root - INFO - 测试样本数: 2211
[ 2025-09-01 15:56:55,226 ] 144 root - INFO - 开始模型训练和评估
[ 2025-09-01 15:56:55,226 ] 178 root - INFO - 训练数据形状: (8844, 30)
[ 2025-09-01 15:56:55,226 ] 179 root - INFO - 测试数据形状: (2211, 30)
[ 2025-09-01 15:56:55,226 ] 180 root - INFO - 训练标签分布: {np.int64(0): np.int64(3918), np.int64(1): np.int64(4926)}
[ 2025-09-01 15:56:55,226 ] 181 root - INFO - 测试标签分布: {np.int64(0): np.int64(980), np.int64(1): np.int64(1231)}
[ 2025-09-01 15:57:34,417 ] 190 root - INFO - 模型评估报告: {'Random Forest': {'accuracy': 0.9561284486657621, 'precision': 0.9464566929133859, 'recall': 0.9764419171405362, 'f1_score': 0.9612155137944822}, 'Decision Tree': {'accuracy': 0.9479873360470376, 'precision': 0.9573770491803278, 'recall': 0.9488220958570268, 'f1_score': 0.9530803753569972}, 'Gradient Boosting': {'accuracy': 0.9669832654907282, 'precision': 0.966183574879227, 'recall': 0.974817221770918, 'f1_score': 0.9704811969268096}, 'Logistic Regression': {'accuracy': 0.9285391225689733, 'precision': 0.9234411996842936, 'recall': 0.950446791226645, 'f1_score': 0.9367493995196157}, 'AdaBoost': {'accuracy': 0.9339665309814563, 'precision': 0.9302141157811261, 'recall': 0.9528838342810723, 'f1_score': 0.9414125200642055}}
[ 2025-09-01 15:57:34,417 ] 202 root - INFO - 最佳模型: Gradient Boosting, F1分数: 0.9705
[ 2025-09-01 15:57:35,206 ] 220 root - INFO - 训练集指标 - F1: 0.9739, 精确率: 0.9717, 召回率: 0.9760
[ 2025-09-01 15:57:35,206 ] 224 root - INFO - 测试集指标 - F1: 0.9697, 精确率: 0.9646, 召回率: 0.9748
[ 2025-09-01 15:57:37,225 ] 128 root - WARNING - MLflow tracking failed: name 'datetime' is not defined
[ 2025-09-01 15:57:37,235 ] 46 root - INFO - Entered the save_object method of MainUtils class
[ 2025-09-01 15:57:37,235 ] 50 root - INFO - Exited the save_object method of MainUtils class
[ 2025-09-01 15:57:37,235 ] 46 root - INFO - Entered the save_object method of MainUtils class
[ 2025-09-01 15:57:37,240 ] 50 root - INFO - Exited the save_object method of MainUtils class
[ 2025-09-01 15:57:37,240 ] 261 root - INFO - 模型已保存到: Artifacts\09_01_2025_15_56_49\model_trainer\trained_model\model.pkl
[ 2025-09-01 15:57:37,240 ] 262 root - INFO - 模型已保存到: final_model/model.pkl
[ 2025-09-01 15:57:37,240 ] 313 root - INFO - 模型训练流程完成
[ 2025-09-01 15:57:37,240 ] 314 root - INFO - 模型训练工件: ModelTrainerArtifact(trained_model_file_path='Artifacts\\09_01_2025_15_56_49\\model_trainer\\trained_model\\model.pkl', train_metric_artifact=ClassificationMetricArtifact(f1_score=0.9738707717237188, precision_score=0.9717057396928052, recall_score=0.976045473000406), test_metric_artifact=ClassificationMetricArtifact(f1_score=0.9696969696969697, precision_score=0.9646302250803859, recall_score=0.974817221770918))
[ 2025-09-01 15:57:37,240 ] 126 root - INFO - Model Training artifact created
